INFO: [VRFC 10-2263] Analyzing Verilog file "C:/Users/oussk/Downloads/ecg_cnn_BACKUP_1/hw/ecg_cnn_nexys_bd_backup/ecg_cnn_bd.ip_user_files/bd/system_bd/ip/system_bd_lmb_bram_0_1/sim/system_bd_lmb_bram_0.v" into library xil_defaultlib
INFO: [VRFC 10-311] analyzing module system_bd_lmb_bram_0
INFO: [VRFC 10-2263] Analyzing Verilog file "C:/Users/oussk/Downloads/ecg_cnn_BACKUP_1/hw/ecg_cnn_nexys_bd_backup/ecg_cnn_bd.ip_user_files/bd/system_bd/ip/system_bd_clk_wiz_1_0_1/system_bd_clk_wiz_1_0_clk_wiz.v" into library xil_defaultlib
INFO: [VRFC 10-311] analyzing module system_bd_clk_wiz_1_0_clk_wiz
INFO: [VRFC 10-2263] Analyzing Verilog file "C:/Users/oussk/Downloads/ecg_cnn_BACKUP_1/hw/ecg_cnn_nexys_bd_backup/ecg_cnn_bd.ip_user_files/bd/system_bd/ip/system_bd_clk_wiz_1_0_1/system_bd_clk_wiz_1_0.v" into library xil_defaultlib
INFO: [VRFC 10-311] analyzing module system_bd_clk_wiz_1_0
INFO: [VRFC 10-2263] Analyzing Verilog file "C:/Users/oussk/Downloads/ecg_cnn_BACKUP_1/hw/ecg_cnn_nexys_bd_backup/ecg_cnn_bd.ip_user_files/bd/system_bd/ip/system_bd_blk_mem_gen_0_1/sim/system_bd_blk_mem_gen_0_1.v" into library xil_defaultlib
INFO: [VRFC 10-311] analyzing module system_bd_blk_mem_gen_0_1
INFO: [VRFC 10-2263] Analyzing Verilog file "C:/Users/oussk/Downloads/ecg_cnn_BACKUP_1/hw/ecg_cnn_nexys_bd_backup/ecg_cnn_bd.ip_user_files/bd/system_bd/ip/system_bd_blk_mem_gen_0_2/sim/system_bd_blk_mem_gen_0_2.v" into library xil_defaultlib
INFO: [VRFC 10-311] analyzing module system_bd_blk_mem_gen_0_2
INFO: [VRFC 10-2263] Analyzing Verilog file "C:/Users/oussk/Downloads/ecg_cnn_BACKUP_1/hw/ecg_cnn_nexys_bd_backup/ecg_cnn_bd.ip_user_files/bd/system_bd/ip/system_bd_smartconnect_0_0/bd_0/ip/ip_0/sim/bd_e6ac_one_0.v" into library xil_defaultlib
INFO: [VRFC 10-311] analyzing module bd_e6ac_one_0
INFO: [VRFC 10-2263] Analyzing SystemVerilog file "C:/Users/oussk/Downloads/ecg_cnn_BACKUP_1/hw/ecg_cnn_nexys_bd_backup/ecg_cnn_bd.ip_user_files/bd/system_bd/ip/system_bd_smartconnect_0_0/bd_0/ip/ip_2/sim/bd_e6ac_arsw_0.sv" into library xil_defaultlib
INFO: [VRFC 10-311] analyzing module bd_e6ac_arsw_0
WARNING: [VRFC 10-8772] attribute 'X_INTERFACE_MODE' is already specified; last one will take precedence [C:/Users/oussk/Downloads/ecg_cnn_BACKUP_1/hw/ecg_cnn_nexys_bd_backup/ecg_cnn_bd.ip_user_files/bd/system_bd/ip/system_bd_smartconnect_0_0/bd_0/ip/ip_2/sim/bd_e6ac_arsw_0.sv:82]
WARNING: [VRFC 10-8772] attribute 'X_INTERFACE_PARAMETER' is already specified; last one will take precedence [C:/Users/oussk/Downloads/ecg_cnn_BACKUP_1/hw/ecg_cnn_nexys_bd_backup/ecg_cnn_bd.ip_user_files/bd/system_bd/ip/system_bd_smartconnect_0_0/bd_0/ip/ip_2/sim/bd_e6ac_arsw_0.sv:83]
WARNING: [VRFC 10-8772] attribute 'X_INTERFACE_MODE' is already specified; last one will take precedence [C:/Users/oussk/Downloads/ecg_cnn_BACKUP_1/hw/ecg_cnn_nexys_bd_backup/ecg_cnn_bd.ip_user_files/bd/system_bd/ip/system_bd_smartconnect_0_0/bd_0/ip/ip_2/sim/bd_e6ac_arsw_0.sv:84]
WARNING: [VRFC 10-8772] attribute 'X_INTERFACE_PARAMETER' is already specified; last one will take precedence [C:/Users/oussk/Downloads/ecg_cnn_BACKUP_1/hw/ecg_cnn_nexys_bd_backup/ecg_cnn_bd.ip_user_files/bd/system_bd/ip/system_bd_smartconnect_0_0/bd_0/ip/ip_2/sim/bd_e6ac_arsw_0.sv:85]
WARNING: [VRFC 10-8772] attribute 'X_INTERFACE_MODE' is already specified; last one will take precedence [C:/Users/oussk/Downloads/ecg_cnn_BACKUP_1/hw/ecg_cnn_nexys_bd_backup/ecg_cnn_bd.ip_user_files/bd/system_bd/ip/system_bd_smartconnect_0_0/bd_0/ip/ip_2/sim/bd_e6ac_arsw_0.sv:86]
WARNING: [VRFC 10-8772] attribute 'X_INTERFACE_PARAMETER' is already specified; last one will take precedence [C:/Users/oussk/Downloads/ecg_cnn_BACKUP_1/hw/ecg_cnn_nexys_bd_backup/ecg_cnn_bd.ip_user_files/bd/system_bd/ip/system_bd_smartconnect_0_0/bd_0/ip/ip_2/sim/bd_e6ac_arsw_0.sv:87]
WARNING: [VRFC 10-8772] attribute 'X_INTERFACE_MODE' is already specified; last one will take precedence [C:/Users/oussk/Downloads/ecg_cnn_BACKUP_1/hw/ecg_cnn_nexys_bd_backup/ecg_cnn_bd.ip_user_files/bd/system_bd/ip/system_bd_smartconnect_0_0/bd_0/ip/ip_2/sim/bd_e6ac_arsw_0.sv:88]
WARNING: [VRFC 10-8772] attribute 'X_INTERFACE_PARAMETER' is already specified; last one will take precedence [C:/Users/oussk/Downloads/ecg_cnn_BACKUP_1/hw/ecg_cnn_nexys_bd_backup/ecg_cnn_bd.ip_user_files/bd/system_bd/ip/system_bd_smartconnect_0_0/bd_0/ip/ip_2/sim/bd_e6ac_arsw_0.sv:89]
WARNING: [VRFC 10-8772] attribute 'X_INTERFACE_MODE' is already specified; last one will take precedence [C:/Users/oussk/Downloads/ecg_cnn_BACKUP_1/hw/ecg_cnn_nexys_bd_backup/ecg_cnn_bd.ip_user_files/bd/system_bd/ip/system_bd_smartconnect_0_0/bd_0/ip/ip_2/sim/bd_e6ac_arsw_0.sv:101]
WARNING: [VRFC 10-8772] attribute 'X_INTERFACE_MODE' is already specified; last one will take precedence [C:/Users/oussk/Downloads/ecg_cnn_BACKUP_1/hw/ecg_cnn_nexys_bd_backup/ecg_cnn_bd.ip_user_files/bd/system_bd/ip/system_bd_smartconnect_0_0/bd_0/ip/ip_2/sim/bd_e6ac_arsw_0.sv:102]
WARNING: [VRFC 10-8772] attribute 'X_INTERFACE_MODE' is already specified; last one will take precedence [C:/Users/oussk/Downloads/ecg_cnn_BACKUP_1/hw/ecg_cnn_nexys_bd_backup/ecg_cnn_bd.ip_user_files/bd/system_bd/ip/system_bd_smartconnect_0_0/bd_0/ip/ip_2/sim/bd_e6ac_arsw_0.sv:103]
WARNING: [VRFC 10-8772] attribute 'X_INTERFACE_MODE' is already specified; last one will take precedence [C:/Users/oussk/Downloads/ecg_cnn_BACKUP_1/hw/ecg_cnn_nexys_bd_backup/ecg_cnn_bd.ip_user_files/bd/system_bd/ip/system_bd_smartconnect_0_0/bd_0/ip/ip_2/sim/bd_e6ac_arsw_0.sv:104]
WARNING: [VRFC 10-8772] attribute 'X_INTERFACE_MODE' is already specified; last one will take precedence [C:/Users/oussk/Downloads/ecg_cnn_BACKUP_1/hw/ecg_cnn_nexys_bd_backup/ecg_cnn_bd.ip_user_files/bd/system_bd/ip/system_bd_smartconnect_0_0/bd_0/ip/ip_2/sim/bd_e6ac_arsw_0.sv:105]
INFO: [VRFC 10-2263] Analyzing SystemVerilog file "C:/Users/oussk/Downloads/ecg_cnn_BACKUP_1/hw/ecg_cnn_nexys_bd_backup/ecg_cnn_bd.ip_user_files/bd/system_bd/ip/system_bd_smartconnect_0_0/bd_0/ip/ip_3/sim/bd_e6ac_rsw_0.sv" into library xil_defaultlib
INFO: [VRFC 10-311] analyzing module bd_e6ac_rsw_0
WARNING: [VRFC 10-8772] attribute 'X_INTERFACE_MODE' is already specified; last one will take precedence [C:/Users/oussk/Downloads/ecg_cnn_BACKUP_1/hw/ecg_cnn_nexys_bd_backup/ecg_cnn_bd.ip_user_files/bd/system_bd/ip/system_bd_smartconnect_0_0/bd_0/ip/ip_3/sim/bd_e6ac_rsw_0.sv:82]
WARNING: [VRFC 10-8772] attribute 'X_INTERFACE_PARAMETER' is already specified; last one will take precedence [C:/Users/oussk/Downloads/ecg_cnn_BACKUP_1/hw/ecg_cnn_nexys_bd_backup/ecg_cnn_bd.ip_user_files/bd/system_bd/ip/system_bd_smartconnect_0_0/bd_0/ip/ip_3/sim/bd_e6ac_rsw_0.sv:83]
WARNING: [VRFC 10-8772] attribute 'X_INTERFACE_MODE' is already specified; last one will take precedence [C:/Users/oussk/Downloads/ecg_cnn_BACKUP_1/hw/ecg_cnn_nexys_bd_backup/ecg_cnn_bd.ip_user_files/bd/system_bd/ip/system_bd_smartconnect_0_0/bd_0/ip/ip_3/sim/bd_e6ac_rsw_0.sv:84]
WARNING: [VRFC 10-8772] attribute 'X_INTERFACE_PARAMETER' is already specified; last one will take precedence [C:/Users/oussk/Downloads/ecg_cnn_BACKUP_1/hw/ecg_cnn_nexys_bd_backup/ecg_cnn_bd.ip_user_files/bd/system_bd/ip/system_bd_smartconnect_0_0/bd_0/ip/ip_3/sim/bd_e6ac_rsw_0.sv:85]
WARNING: [VRFC 10-8772] attribute 'X_INTERFACE_MODE' is already specified; last one will take precedence [C:/Users/oussk/Downloads/ecg_cnn_BACKUP_1/hw/ecg_cnn_nexys_bd_backup/ecg_cnn_bd.ip_user_files/bd/system_bd/ip/system_bd_smartconnect_0_0/bd_0/ip/ip_3/sim/bd_e6ac_rsw_0.sv:86]
WARNING: [VRFC 10-8772] attribute 'X_INTERFACE_PARAMETER' is already specified; last one will take precedence [C:/Users/oussk/Downloads/ecg_cnn_BACKUP_1/hw/ecg_cnn_nexys_bd_backup/ecg_cnn_bd.ip_user_files/bd/system_bd/ip/system_bd_smartconnect_0_0/bd_0/ip/ip_3/sim/bd_e6ac_rsw_0.sv:87]
WARNING: [VRFC 10-8772] attribute 'X_INTERFACE_MODE' is already specified; last one will take precedence [C:/Users/oussk/Downloads/ecg_cnn_BACKUP_1/hw/ecg_cnn_nexys_bd_backup/ecg_cnn_bd.ip_user_files/bd/system_bd/ip/system_bd_smartconnect_0_0/bd_0/ip/ip_3/sim/bd_e6ac_rsw_0.sv:88]
WARNING: [VRFC 10-8772] attribute 'X_INTERFACE_PARAMETER' is already specified; last one will take precedence [C:/Users/oussk/Downloads/ecg_cnn_BACKUP_1/hw/ecg_cnn_nexys_bd_backup/ecg_cnn_bd.ip_user_files/bd/system_bd/ip/system_bd_smartconnect_0_0/bd_0/ip/ip_3/sim/bd_e6ac_rsw_0.sv:89]
WARNING: [VRFC 10-8772] attribute 'X_INTERFACE_MODE' is already specified; last one will take precedence [C:/Users/oussk/Downloads/ecg_cnn_BACKUP_1/hw/ecg_cnn_nexys_bd_backup/ecg_cnn_bd.ip_user_files/bd/system_bd/ip/system_bd_smartconnect_0_0/bd_0/ip/ip_3/sim/bd_e6ac_rsw_0.sv:90]
WARNING: [VRFC 10-8772] attribute 'X_INTERFACE_PARAMETER' is already specified; last one will take precedence [C:/Users/oussk/Downloads/ecg_cnn_BACKUP_1/hw/ecg_cnn_nexys_bd_backup/ecg_cnn_bd.ip_user_files/bd/system_bd/ip/system_bd_smartconnect_0_0/bd_0/ip/ip_3/sim/bd_e6ac_rsw_0.sv:91]
WARNING: [VRFC 10-8772] attribute 'X_INTERFACE_MODE' is already specified; last one will take precedence [C:/Users/oussk/Downloads/ecg_cnn_BACKUP_1/hw/ecg_cnn_nexys_bd_backup/ecg_cnn_bd.ip_user_files/bd/system_bd/ip/system_bd_smartconnect_0_0/bd_0/ip/ip_3/sim/bd_e6ac_rsw_0.sv:103]
WARNING: [VRFC 10-8772] attribute 'X_INTERFACE_MODE' is already specified; last one will take precedence [C:/Users/oussk/Downloads/ecg_cnn_BACKUP_1/hw/ecg_cnn_nexys_bd_backup/ecg_cnn_bd.ip_user_files/bd/system_bd/ip/system_bd_smartconnect_0_0/bd_0/ip/ip_3/sim/bd_e6ac_rsw_0.sv:104]
WARNING: [VRFC 10-8772] attribute 'X_INTERFACE_MODE' is already specified; last one will take precedence [C:/Users/oussk/Downloads/ecg_cnn_BACKUP_1/hw/ecg_cnn_nexys_bd_backup/ecg_cnn_bd.ip_user_files/bd/system_bd/ip/system_bd_smartconnect_0_0/bd_0/ip/ip_3/sim/bd_e6ac_rsw_0.sv:105]
WARNING: [VRFC 10-8772] attribute 'X_INTERFACE_MODE' is already specified; last one will take precedence [C:/Users/oussk/Downloads/ecg_cnn_BACKUP_1/hw/ecg_cnn_nexys_bd_backup/ecg_cnn_bd.ip_user_files/bd/system_bd/ip/system_bd_smartconnect_0_0/bd_0/ip/ip_3/sim/bd_e6ac_rsw_0.sv:106]
INFO: [VRFC 10-2263] Analyzing SystemVerilog file "C:/Users/oussk/Downloads/ecg_cnn_BACKUP_1/hw/ecg_cnn_nexys_bd_backup/ecg_cnn_bd.ip_user_files/bd/system_bd/ip/system_bd_smartconnect_0_0/bd_0/ip/ip_4/sim/bd_e6ac_awsw_0.sv" into library xil_defaultlib
INFO: [VRFC 10-311] analyzing module bd_e6ac_awsw_0
WARNING: [VRFC 10-8772] attribute 'X_INTERFACE_MODE' is already specified; last one will take precedence [C:/Users/oussk/Downloads/ecg_cnn_BACKUP_1/hw/ecg_cnn_nexys_bd_backup/ecg_cnn_bd.ip_user_files/bd/system_bd/ip/system_bd_smartconnect_0_0/bd_0/ip/ip_4/sim/bd_e6ac_awsw_0.sv:82]
WARNING: [VRFC 10-8772] attribute 'X_INTERFACE_PARAMETER' is already specified; last one will take precedence [C:/Users/oussk/Downloads/ecg_cnn_BACKUP_1/hw/ecg_cnn_nexys_bd_backup/ecg_cnn_bd.ip_user_files/bd/system_bd/ip/system_bd_smartconnect_0_0/bd_0/ip/ip_4/sim/bd_e6ac_awsw_0.sv:83]
WARNING: [VRFC 10-8772] attribute 'X_INTERFACE_MODE' is already specified; last one will take precedence [C:/Users/oussk/Downloads/ecg_cnn_BACKUP_1/hw/ecg_cnn_nexys_bd_backup/ecg_cnn_bd.ip_user_files/bd/system_bd/ip/system_bd_smartconnect_0_0/bd_0/ip/ip_4/sim/bd_e6ac_awsw_0.sv:84]
WARNING: [VRFC 10-8772] attribute 'X_INTERFACE_PARAMETER' is already specified; last one will take precedence [C:/Users/oussk/Downloads/ecg_cnn_BACKUP_1/hw/ecg_cnn_nexys_bd_backup/ecg_cnn_bd.ip_user_files/bd/system_bd/ip/system_bd_smartconnect_0_0/bd_0/ip/ip_4/sim/bd_e6ac_awsw_0.sv:85]
WARNING: [VRFC 10-8772] attribute 'X_INTERFACE_MODE' is already specified; last one will take precedence [C:/Users/oussk/Downloads/ecg_cnn_BACKUP_1/hw/ecg_cnn_nexys_bd_backup/ecg_cnn_bd.ip_user_files/bd/system_bd/ip/system_bd_smartconnect_0_0/bd_0/ip/ip_4/sim/bd_e6ac_awsw_0.sv:86]
WARNING: [VRFC 10-8772] attribute 'X_INTERFACE_PARAMETER' is already specified; last one will take precedence [C:/Users/oussk/Downloads/ecg_cnn_BACKUP_1/hw/ecg_cnn_nexys_bd_backup/ecg_cnn_bd.ip_user_files/bd/system_bd/ip/system_bd_smartconnect_0_0/bd_0/ip/ip_4/sim/bd_e6ac_awsw_0.sv:87]
WARNING: [VRFC 10-8772] attribute 'X_INTERFACE_MODE' is already specified; last one will take precedence [C:/Users/oussk/Downloads/ecg_cnn_BACKUP_1/hw/ecg_cnn_nexys_bd_backup/ecg_cnn_bd.ip_user_files/bd/system_bd/ip/system_bd_smartconnect_0_0/bd_0/ip/ip_4/sim/bd_e6ac_awsw_0.sv:88]
WARNING: [VRFC 10-8772] attribute 'X_INTERFACE_PARAMETER' is already specified; last one will take precedence [C:/Users/oussk/Downloads/ecg_cnn_BACKUP_1/hw/ecg_cnn_nexys_bd_backup/ecg_cnn_bd.ip_user_files/bd/system_bd/ip/system_bd_smartconnect_0_0/bd_0/ip/ip_4/sim/bd_e6ac_awsw_0.sv:89]
WARNING: [VRFC 10-8772] attribute 'X_INTERFACE_MODE' is already specified; last one will take precedence [C:/Users/oussk/Downloads/ecg_cnn_BACKUP_1/hw/ecg_cnn_nexys_bd_backup/ecg_cnn_bd.ip_user_files/bd/system_bd/ip/system_bd_smartconnect_0_0/bd_0/ip/ip_4/sim/bd_e6ac_awsw_0.sv:101]
WARNING: [VRFC 10-8772] attribute 'X_INTERFACE_MODE' is already specified; last one will take precedence [C:/Users/oussk/Downloads/ecg_cnn_BACKUP_1/hw/ecg_cnn_nexys_bd_backup/ecg_cnn_bd.ip_user_files/bd/system_bd/ip/system_bd_smartconnect_0_0/bd_0/ip/ip_4/sim/bd_e6ac_awsw_0.sv:102]
WARNING: [VRFC 10-8772] attribute 'X_INTERFACE_MODE' is already specified; last one will take precedence [C:/Users/oussk/Downloads/ecg_cnn_BACKUP_1/hw/ecg_cnn_nexys_bd_backup/ecg_cnn_bd.ip_user_files/bd/system_bd/ip/system_bd_smartconnect_0_0/bd_0/ip/ip_4/sim/bd_e6ac_awsw_0.sv:103]
WARNING: [VRFC 10-8772] attribute 'X_INTERFACE_MODE' is already specified; last one will take precedence [C:/Users/oussk/Downloads/ecg_cnn_BACKUP_1/hw/ecg_cnn_nexys_bd_backup/ecg_cnn_bd.ip_user_files/bd/system_bd/ip/system_bd_smartconnect_0_0/bd_0/ip/ip_4/sim/bd_e6ac_awsw_0.sv:104]
WARNING: [VRFC 10-8772] attribute 'X_INTERFACE_MODE' is already specified; last one will take precedence [C:/Users/oussk/Downloads/ecg_cnn_BACKUP_1/hw/ecg_cnn_nexys_bd_backup/ecg_cnn_bd.ip_user_files/bd/system_bd/ip/system_bd_smartconnect_0_0/bd_0/ip/ip_4/sim/bd_e6ac_awsw_0.sv:105]
INFO: [VRFC 10-2263] Analyzing SystemVerilog file "C:/Users/oussk/Downloads/ecg_cnn_BACKUP_1/hw/ecg_cnn_nexys_bd_backup/ecg_cnn_bd.ip_user_files/bd/system_bd/ip/system_bd_smartconnect_0_0/bd_0/ip/ip_5/sim/bd_e6ac_wsw_0.sv" into library xil_defaultlib
INFO: [VRFC 10-311] analyzing module bd_e6ac_wsw_0
WARNING: [VRFC 10-8772] attribute 'X_INTERFACE_MODE' is already specified; last one will take precedence [C:/Users/oussk/Downloads/ecg_cnn_BACKUP_1/hw/ecg_cnn_nexys_bd_backup/ecg_cnn_bd.ip_user_files/bd/system_bd/ip/system_bd_smartconnect_0_0/bd_0/ip/ip_5/sim/bd_e6ac_wsw_0.sv:82]
WARNING: [VRFC 10-8772] attribute 'X_INTERFACE_PARAMETER' is already specified; last one will take precedence [C:/Users/oussk/Downloads/ecg_cnn_BACKUP_1/hw/ecg_cnn_nexys_bd_backup/ecg_cnn_bd.ip_user_files/bd/system_bd/ip/system_bd_smartconnect_0_0/bd_0/ip/ip_5/sim/bd_e6ac_wsw_0.sv:83]
WARNING: [VRFC 10-8772] attribute 'X_INTERFACE_MODE' is already specified; last one will take precedence [C:/Users/oussk/Downloads/ecg_cnn_BACKUP_1/hw/ecg_cnn_nexys_bd_backup/ecg_cnn_bd.ip_user_files/bd/system_bd/ip/system_bd_smartconnect_0_0/bd_0/ip/ip_5/sim/bd_e6ac_wsw_0.sv:84]
WARNING: [VRFC 10-8772] attribute 'X_INTERFACE_PARAMETER' is already specified; last one will take precedence [C:/Users/oussk/Downloads/ecg_cnn_BACKUP_1/hw/ecg_cnn_nexys_bd_backup/ecg_cnn_bd.ip_user_files/bd/system_bd/ip/system_bd_smartconnect_0_0/bd_0/ip/ip_5/sim/bd_e6ac_wsw_0.sv:85]
WARNING: [VRFC 10-8772] attribute 'X_INTERFACE_MODE' is already specified; last one will take precedence [C:/Users/oussk/Downloads/ecg_cnn_BACKUP_1/hw/ecg_cnn_nexys_bd_backup/ecg_cnn_bd.ip_user_files/bd/system_bd/ip/system_bd_smartconnect_0_0/bd_0/ip/ip_5/sim/bd_e6ac_wsw_0.sv:86]
WARNING: [VRFC 10-8772] attribute 'X_INTERFACE_PARAMETER' is already specified; last one will take precedence [C:/Users/oussk/Downloads/ecg_cnn_BACKUP_1/hw/ecg_cnn_nexys_bd_backup/ecg_cnn_bd.ip_user_files/bd/system_bd/ip/system_bd_smartconnect_0_0/bd_0/ip/ip_5/sim/bd_e6ac_wsw_0.sv:87]
WARNING: [VRFC 10-8772] attribute 'X_INTERFACE_MODE' is already specified; last one will take precedence [C:/Users/oussk/Downloads/ecg_cnn_BACKUP_1/hw/ecg_cnn_nexys_bd_backup/ecg_cnn_bd.ip_user_files/bd/system_bd/ip/system_bd_smartconnect_0_0/bd_0/ip/ip_5/sim/bd_e6ac_wsw_0.sv:88]
WARNING: [VRFC 10-8772] attribute 'X_INTERFACE_PARAMETER' is already specified; last one will take precedence [C:/Users/oussk/Downloads/ecg_cnn_BACKUP_1/hw/ecg_cnn_nexys_bd_backup/ecg_cnn_bd.ip_user_files/bd/system_bd/ip/system_bd_smartconnect_0_0/bd_0/ip/ip_5/sim/bd_e6ac_wsw_0.sv:89]
WARNING: [VRFC 10-8772] attribute 'X_INTERFACE_MODE' is already specified; last one will take precedence [C:/Users/oussk/Downloads/ecg_cnn_BACKUP_1/hw/ecg_cnn_nexys_bd_backup/ecg_cnn_bd.ip_user_files/bd/system_bd/ip/system_bd_smartconnect_0_0/bd_0/ip/ip_5/sim/bd_e6ac_wsw_0.sv:101]
WARNING: [VRFC 10-8772] attribute 'X_INTERFACE_MODE' is already specified; last one will take precedence [C:/Users/oussk/Downloads/ecg_cnn_BACKUP_1/hw/ecg_cnn_nexys_bd_backup/ecg_cnn_bd.ip_user_files/bd/system_bd/ip/system_bd_smartconnect_0_0/bd_0/ip/ip_5/sim/bd_e6ac_wsw_0.sv:102]
WARNING: [VRFC 10-8772] attribute 'X_INTERFACE_MODE' is already specified; last one will take precedence [C:/Users/oussk/Downloads/ecg_cnn_BACKUP_1/hw/ecg_cnn_nexys_bd_backup/ecg_cnn_bd.ip_user_files/bd/system_bd/ip/system_bd_smartconnect_0_0/bd_0/ip/ip_5/sim/bd_e6ac_wsw_0.sv:103]
WARNING: [VRFC 10-8772] attribute 'X_INTERFACE_MODE' is already specified; last one will take precedence [C:/Users/oussk/Downloads/ecg_cnn_BACKUP_1/hw/ecg_cnn_nexys_bd_backup/ecg_cnn_bd.ip_user_files/bd/system_bd/ip/system_bd_smartconnect_0_0/bd_0/ip/ip_5/sim/bd_e6ac_wsw_0.sv:104]
WARNING: [VRFC 10-8772] attribute 'X_INTERFACE_MODE' is already specified; last one will take precedence [C:/Users/oussk/Downloads/ecg_cnn_BACKUP_1/hw/ecg_cnn_nexys_bd_backup/ecg_cnn_bd.ip_user_files/bd/system_bd/ip/system_bd_smartconnect_0_0/bd_0/ip/ip_5/sim/bd_e6ac_wsw_0.sv:105]
INFO: [VRFC 10-2263] Analyzing SystemVerilog file "C:/Users/oussk/Downloads/ecg_cnn_BACKUP_1/hw/ecg_cnn_nexys_bd_backup/ecg_cnn_bd.ip_user_files/bd/system_bd/ip/system_bd_smartconnect_0_0/bd_0/ip/ip_6/sim/bd_e6ac_bsw_0.sv" into library xil_defaultlib
INFO: [VRFC 10-311] analyzing module bd_e6ac_bsw_0
WARNING: [VRFC 10-8772] attribute 'X_INTERFACE_MODE' is already specified; last one will take precedence [C:/Users/oussk/Downloads/ecg_cnn_BACKUP_1/hw/ecg_cnn_nexys_bd_backup/ecg_cnn_bd.ip_user_files/bd/system_bd/ip/system_bd_smartconnect_0_0/bd_0/ip/ip_6/sim/bd_e6ac_bsw_0.sv:82]
WARNING: [VRFC 10-8772] attribute 'X_INTERFACE_PARAMETER' is already specified; last one will take precedence [C:/Users/oussk/Downloads/ecg_cnn_BACKUP_1/hw/ecg_cnn_nexys_bd_backup/ecg_cnn_bd.ip_user_files/bd/system_bd/ip/system_bd_smartconnect_0_0/bd_0/ip/ip_6/sim/bd_e6ac_bsw_0.sv:83]
WARNING: [VRFC 10-8772] attribute 'X_INTERFACE_MODE' is already specified; last one will take precedence [C:/Users/oussk/Downloads/ecg_cnn_BACKUP_1/hw/ecg_cnn_nexys_bd_backup/ecg_cnn_bd.ip_user_files/bd/system_bd/ip/system_bd_smartconnect_0_0/bd_0/ip/ip_6/sim/bd_e6ac_bsw_0.sv:84]
WARNING: [VRFC 10-8772] attribute 'X_INTERFACE_PARAMETER' is already specified; last one will take precedence [C:/Users/oussk/Downloads/ecg_cnn_BACKUP_1/hw/ecg_cnn_nexys_bd_backup/ecg_cnn_bd.ip_user_files/bd/system_bd/ip/system_bd_smartconnect_0_0/bd_0/ip/ip_6/sim/bd_e6ac_bsw_0.sv:85]
WARNING: [VRFC 10-8772] attribute 'X_INTERFACE_MODE' is already specified; last one will take precedence [C:/Users/oussk/Downloads/ecg_cnn_BACKUP_1/hw/ecg_cnn_nexys_bd_backup/ecg_cnn_bd.ip_user_files/bd/system_bd/ip/system_bd_smartconnect_0_0/bd_0/ip/ip_6/sim/bd_e6ac_bsw_0.sv:86]
WARNING: [VRFC 10-8772] attribute 'X_INTERFACE_PARAMETER' is already specified; last one will take precedence [C:/Users/oussk/Downloads/ecg_cnn_BACKUP_1/hw/ecg_cnn_nexys_bd_backup/ecg_cnn_bd.ip_user_files/bd/system_bd/ip/system_bd_smartconnect_0_0/bd_0/ip/ip_6/sim/bd_e6ac_bsw_0.sv:87]
WARNING: [VRFC 10-8772] attribute 'X_INTERFACE_MODE' is already specified; last one will take precedence [C:/Users/oussk/Downloads/ecg_cnn_BACKUP_1/hw/ecg_cnn_nexys_bd_backup/ecg_cnn_bd.ip_user_files/bd/system_bd/ip/system_bd_smartconnect_0_0/bd_0/ip/ip_6/sim/bd_e6ac_bsw_0.sv:88]
WARNING: [VRFC 10-8772] attribute 'X_INTERFACE_PARAMETER' is already specified; last one will take precedence [C:/Users/oussk/Downloads/ecg_cnn_BACKUP_1/hw/ecg_cnn_nexys_bd_backup/ecg_cnn_bd.ip_user_files/bd/system_bd/ip/system_bd_smartconnect_0_0/bd_0/ip/ip_6/sim/bd_e6ac_bsw_0.sv:89]
WARNING: [VRFC 10-8772] attribute 'X_INTERFACE_MODE' is already specified; last one will take precedence [C:/Users/oussk/Downloads/ecg_cnn_BACKUP_1/hw/ecg_cnn_nexys_bd_backup/ecg_cnn_bd.ip_user_files/bd/system_bd/ip/system_bd_smartconnect_0_0/bd_0/ip/ip_6/sim/bd_e6ac_bsw_0.sv:90]
WARNING: [VRFC 10-8772] attribute 'X_INTERFACE_PARAMETER' is already specified; last one will take precedence [C:/Users/oussk/Downloads/ecg_cnn_BACKUP_1/hw/ecg_cnn_nexys_bd_backup/ecg_cnn_bd.ip_user_files/bd/system_bd/ip/system_bd_smartconnect_0_0/bd_0/ip/ip_6/sim/bd_e6ac_bsw_0.sv:91]
WARNING: [VRFC 10-8772] attribute 'X_INTERFACE_MODE' is already specified; last one will take precedence [C:/Users/oussk/Downloads/ecg_cnn_BACKUP_1/hw/ecg_cnn_nexys_bd_backup/ecg_cnn_bd.ip_user_files/bd/system_bd/ip/system_bd_smartconnect_0_0/bd_0/ip/ip_6/sim/bd_e6ac_bsw_0.sv:103]
WARNING: [VRFC 10-8772] attribute 'X_INTERFACE_MODE' is already specified; last one will take precedence [C:/Users/oussk/Downloads/ecg_cnn_BACKUP_1/hw/ecg_cnn_nexys_bd_backup/ecg_cnn_bd.ip_user_files/bd/system_bd/ip/system_bd_smartconnect_0_0/bd_0/ip/ip_6/sim/bd_e6ac_bsw_0.sv:104]
WARNING: [VRFC 10-8772] attribute 'X_INTERFACE_MODE' is already specified; last one will take precedence [C:/Users/oussk/Downloads/ecg_cnn_BACKUP_1/hw/ecg_cnn_nexys_bd_backup/ecg_cnn_bd.ip_user_files/bd/system_bd/ip/system_bd_smartconnect_0_0/bd_0/ip/ip_6/sim/bd_e6ac_bsw_0.sv:105]
WARNING: [VRFC 10-8772] attribute 'X_INTERFACE_MODE' is already specified; last one will take precedence [C:/Users/oussk/Downloads/ecg_cnn_BACKUP_1/hw/ecg_cnn_nexys_bd_backup/ecg_cnn_bd.ip_user_files/bd/system_bd/ip/system_bd_smartconnect_0_0/bd_0/ip/ip_6/sim/bd_e6ac_bsw_0.sv:106]
INFO: [VRFC 10-2263] Analyzing SystemVerilog file "C:/Users/oussk/Downloads/ecg_cnn_BACKUP_1/hw/ecg_cnn_nexys_bd_backup/ecg_cnn_bd.ip_user_files/bd/system_bd/ip/system_bd_smartconnect_0_0/bd_0/ip/ip_7/sim/bd_e6ac_s00mmu_0.sv" into library xil_defaultlib
INFO: [VRFC 10-311] analyzing module bd_e6ac_s00mmu_0
INFO: [VRFC 10-2263] Analyzing SystemVerilog file "C:/Users/oussk/Downloads/ecg_cnn_BACKUP_1/hw/ecg_cnn_nexys_bd_backup/ecg_cnn_bd.ip_user_files/bd/system_bd/ip/system_bd_smartconnect_0_0/bd_0/ip/ip_8/sim/bd_e6ac_s00tr_0.sv" into library xil_defaultlib
INFO: [VRFC 10-311] analyzing module bd_e6ac_s00tr_0
INFO: [VRFC 10-2263] Analyzing SystemVerilog file "C:/Users/oussk/Downloads/ecg_cnn_BACKUP_1/hw/ecg_cnn_nexys_bd_backup/ecg_cnn_bd.ip_user_files/bd/system_bd/ip/system_bd_smartconnect_0_0/bd_0/ip/ip_9/sim/bd_e6ac_s00sic_0.sv" into library xil_defaultlib
INFO: [VRFC 10-311] analyzing module bd_e6ac_s00sic_0
INFO: [VRFC 10-2263] Analyzing SystemVerilog file "C:/Users/oussk/Downloads/ecg_cnn_BACKUP_1/hw/ecg_cnn_nexys_bd_backup/ecg_cnn_bd.ip_user_files/bd/system_bd/ip/system_bd_smartconnect_0_0/bd_0/ip/ip_10/sim/bd_e6ac_s00a2s_0.sv" into library xil_defaultlib
INFO: [VRFC 10-311] analyzing module bd_e6ac_s00a2s_0
INFO: [VRFC 10-2263] Analyzing SystemVerilog file "C:/Users/oussk/Downloads/ecg_cnn_BACKUP_1/hw/ecg_cnn_nexys_bd_backup/ecg_cnn_bd.ip_user_files/bd/system_bd/ip/system_bd_smartconnect_0_0/bd_0/ip/ip_11/sim/bd_e6ac_sarn_0.sv" into library xil_defaultlib
INFO: [VRFC 10-311] analyzing module bd_e6ac_sarn_0
INFO: [VRFC 10-2263] Analyzing SystemVerilog file "C:/Users/oussk/Downloads/ecg_cnn_BACKUP_1/hw/ecg_cnn_nexys_bd_backup/ecg_cnn_bd.ip_user_files/bd/system_bd/ip/system_bd_smartconnect_0_0/bd_0/ip/ip_12/sim/bd_e6ac_srn_0.sv" into library xil_defaultlib
INFO: [VRFC 10-311] analyzing module bd_e6ac_srn_0
INFO: [VRFC 10-2263] Analyzing SystemVerilog file "C:/Users/oussk/Downloads/ecg_cnn_BACKUP_1/hw/ecg_cnn_nexys_bd_backup/ecg_cnn_bd.ip_user_files/bd/system_bd/ip/system_bd_smartconnect_0_0/bd_0/ip/ip_13/sim/bd_e6ac_sawn_0.sv" into library xil_defaultlib
INFO: [VRFC 10-311] analyzing module bd_e6ac_sawn_0
INFO: [VRFC 10-2263] Analyzing SystemVerilog file "C:/Users/oussk/Downloads/ecg_cnn_BACKUP_1/hw/ecg_cnn_nexys_bd_backup/ecg_cnn_bd.ip_user_files/bd/system_bd/ip/system_bd_smartconnect_0_0/bd_0/ip/ip_14/sim/bd_e6ac_swn_0.sv" into library xil_defaultlib
INFO: [VRFC 10-311] analyzing module bd_e6ac_swn_0
INFO: [VRFC 10-2263] Analyzing SystemVerilog file "C:/Users/oussk/Downloads/ecg_cnn_BACKUP_1/hw/ecg_cnn_nexys_bd_backup/ecg_cnn_bd.ip_user_files/bd/system_bd/ip/system_bd_smartconnect_0_0/bd_0/ip/ip_15/sim/bd_e6ac_sbn_0.sv" into library xil_defaultlib
INFO: [VRFC 10-311] analyzing module bd_e6ac_sbn_0
INFO: [VRFC 10-2263] Analyzing SystemVerilog file "C:/Users/oussk/Downloads/ecg_cnn_BACKUP_1/hw/ecg_cnn_nexys_bd_backup/ecg_cnn_bd.ip_user_files/bd/system_bd/ip/system_bd_smartconnect_0_0/bd_0/ip/ip_16/sim/bd_e6ac_s01mmu_0.sv" into library xil_defaultlib
INFO: [VRFC 10-311] analyzing module bd_e6ac_s01mmu_0
INFO: [VRFC 10-2263] Analyzing SystemVerilog file "C:/Users/oussk/Downloads/ecg_cnn_BACKUP_1/hw/ecg_cnn_nexys_bd_backup/ecg_cnn_bd.ip_user_files/bd/system_bd/ip/system_bd_smartconnect_0_0/bd_0/ip/ip_17/sim/bd_e6ac_s01tr_0.sv" into library xil_defaultlib
INFO: [VRFC 10-311] analyzing module bd_e6ac_s01tr_0
INFO: [VRFC 10-2263] Analyzing SystemVerilog file "C:/Users/oussk/Downloads/ecg_cnn_BACKUP_1/hw/ecg_cnn_nexys_bd_backup/ecg_cnn_bd.ip_user_files/bd/system_bd/ip/system_bd_smartconnect_0_0/bd_0/ip/ip_18/sim/bd_e6ac_s01sic_0.sv" into library xil_defaultlib
INFO: [VRFC 10-311] analyzing module bd_e6ac_s01sic_0
INFO: [VRFC 10-2263] Analyzing SystemVerilog file "C:/Users/oussk/Downloads/ecg_cnn_BACKUP_1/hw/ecg_cnn_nexys_bd_backup/ecg_cnn_bd.ip_user_files/bd/system_bd/ip/system_bd_smartconnect_0_0/bd_0/ip/ip_19/sim/bd_e6ac_s01a2s_0.sv" into library xil_defaultlib
INFO: [VRFC 10-311] analyzing module bd_e6ac_s01a2s_0
INFO: [VRFC 10-2263] Analyzing SystemVerilog file "C:/Users/oussk/Downloads/ecg_cnn_BACKUP_1/hw/ecg_cnn_nexys_bd_backup/ecg_cnn_bd.ip_user_files/bd/system_bd/ip/system_bd_smartconnect_0_0/bd_0/ip/ip_20/sim/bd_e6ac_sarn_1.sv" into library xil_defaultlib
INFO: [VRFC 10-311] analyzing module bd_e6ac_sarn_1
INFO: [VRFC 10-2263] Analyzing SystemVerilog file "C:/Users/oussk/Downloads/ecg_cnn_BACKUP_1/hw/ecg_cnn_nexys_bd_backup/ecg_cnn_bd.ip_user_files/bd/system_bd/ip/system_bd_smartconnect_0_0/bd_0/ip/ip_21/sim/bd_e6ac_srn_1.sv" into library xil_defaultlib
INFO: [VRFC 10-311] analyzing module bd_e6ac_srn_1
INFO: [VRFC 10-2263] Analyzing SystemVerilog file "C:/Users/oussk/Downloads/ecg_cnn_BACKUP_1/hw/ecg_cnn_nexys_bd_backup/ecg_cnn_bd.ip_user_files/bd/system_bd/ip/system_bd_smartconnect_0_0/bd_0/ip/ip_22/sim/bd_e6ac_s02mmu_0.sv" into library xil_defaultlib
INFO: [VRFC 10-311] analyzing module bd_e6ac_s02mmu_0
INFO: [VRFC 10-2263] Analyzing SystemVerilog file "C:/Users/oussk/Downloads/ecg_cnn_BACKUP_1/hw/ecg_cnn_nexys_bd_backup/ecg_cnn_bd.ip_user_files/bd/system_bd/ip/system_bd_smartconnect_0_0/bd_0/ip/ip_23/sim/bd_e6ac_s02tr_0.sv" into library xil_defaultlib
INFO: [VRFC 10-311] analyzing module bd_e6ac_s02tr_0
INFO: [VRFC 10-2263] Analyzing SystemVerilog file "C:/Users/oussk/Downloads/ecg_cnn_BACKUP_1/hw/ecg_cnn_nexys_bd_backup/ecg_cnn_bd.ip_user_files/bd/system_bd/ip/system_bd_smartconnect_0_0/bd_0/ip/ip_24/sim/bd_e6ac_s02sic_0.sv" into library xil_defaultlib
INFO: [VRFC 10-311] analyzing module bd_e6ac_s02sic_0
INFO: [VRFC 10-2263] Analyzing SystemVerilog file "C:/Users/oussk/Downloads/ecg_cnn_BACKUP_1/hw/ecg_cnn_nexys_bd_backup/ecg_cnn_bd.ip_user_files/bd/system_bd/ip/system_bd_smartconnect_0_0/bd_0/ip/ip_25/sim/bd_e6ac_s02a2s_0.sv" into library xil_defaultlib
INFO: [VRFC 10-311] analyzing module bd_e6ac_s02a2s_0
INFO: [VRFC 10-2263] Analyzing SystemVerilog file "C:/Users/oussk/Downloads/ecg_cnn_BACKUP_1/hw/ecg_cnn_nexys_bd_backup/ecg_cnn_bd.ip_user_files/bd/system_bd/ip/system_bd_smartconnect_0_0/bd_0/ip/ip_26/sim/bd_e6ac_sawn_1.sv" into library xil_defaultlib
INFO: [VRFC 10-311] analyzing module bd_e6ac_sawn_1
INFO: [VRFC 10-2263] Analyzing SystemVerilog file "C:/Users/oussk/Downloads/ecg_cnn_BACKUP_1/hw/ecg_cnn_nexys_bd_backup/ecg_cnn_bd.ip_user_files/bd/system_bd/ip/system_bd_smartconnect_0_0/bd_0/ip/ip_27/sim/bd_e6ac_swn_1.sv" into library xil_defaultlib
INFO: [VRFC 10-311] analyzing module bd_e6ac_swn_1
INFO: [VRFC 10-2263] Analyzing SystemVerilog file "C:/Users/oussk/Downloads/ecg_cnn_BACKUP_1/hw/ecg_cnn_nexys_bd_backup/ecg_cnn_bd.ip_user_files/bd/system_bd/ip/system_bd_smartconnect_0_0/bd_0/ip/ip_28/sim/bd_e6ac_sbn_1.sv" into library xil_defaultlib
INFO: [VRFC 10-311] analyzing module bd_e6ac_sbn_1
INFO: [VRFC 10-2263] Analyzing SystemVerilog file "C:/Users/oussk/Downloads/ecg_cnn_BACKUP_1/hw/ecg_cnn_nexys_bd_backup/ecg_cnn_bd.ip_user_files/bd/system_bd/ip/system_bd_smartconnect_0_0/bd_0/ip/ip_29/sim/bd_e6ac_s03mmu_0.sv" into library xil_defaultlib
INFO: [VRFC 10-311] analyzing module bd_e6ac_s03mmu_0
INFO: [VRFC 10-2263] Analyzing SystemVerilog file "C:/Users/oussk/Downloads/ecg_cnn_BACKUP_1/hw/ecg_cnn_nexys_bd_backup/ecg_cnn_bd.ip_user_files/bd/system_bd/ip/system_bd_smartconnect_0_0/bd_0/ip/ip_30/sim/bd_e6ac_s03tr_0.sv" into library xil_defaultlib
INFO: [VRFC 10-311] analyzing module bd_e6ac_s03tr_0
INFO: [VRFC 10-2263] Analyzing SystemVerilog file "C:/Users/oussk/Downloads/ecg_cnn_BACKUP_1/hw/ecg_cnn_nexys_bd_backup/ecg_cnn_bd.ip_user_files/bd/system_bd/ip/system_bd_smartconnect_0_0/bd_0/ip/ip_31/sim/bd_e6ac_s03sic_0.sv" into library xil_defaultlib
INFO: [VRFC 10-311] analyzing module bd_e6ac_s03sic_0
INFO: [VRFC 10-2263] Analyzing SystemVerilog file "C:/Users/oussk/Downloads/ecg_cnn_BACKUP_1/hw/ecg_cnn_nexys_bd_backup/ecg_cnn_bd.ip_user_files/bd/system_bd/ip/system_bd_smartconnect_0_0/bd_0/ip/ip_32/sim/bd_e6ac_s03a2s_0.sv" into library xil_defaultlib
INFO: [VRFC 10-311] analyzing module bd_e6ac_s03a2s_0
INFO: [VRFC 10-2263] Analyzing SystemVerilog file "C:/Users/oussk/Downloads/ecg_cnn_BACKUP_1/hw/ecg_cnn_nexys_bd_backup/ecg_cnn_bd.ip_user_files/bd/system_bd/ip/system_bd_smartconnect_0_0/bd_0/ip/ip_33/sim/bd_e6ac_sarn_2.sv" into library xil_defaultlib
INFO: [VRFC 10-311] analyzing module bd_e6ac_sarn_2
INFO: [VRFC 10-2263] Analyzing SystemVerilog file "C:/Users/oussk/Downloads/ecg_cnn_BACKUP_1/hw/ecg_cnn_nexys_bd_backup/ecg_cnn_bd.ip_user_files/bd/system_bd/ip/system_bd_smartconnect_0_0/bd_0/ip/ip_34/sim/bd_e6ac_srn_2.sv" into library xil_defaultlib
INFO: [VRFC 10-311] analyzing module bd_e6ac_srn_2
INFO: [VRFC 10-2263] Analyzing SystemVerilog file "C:/Users/oussk/Downloads/ecg_cnn_BACKUP_1/hw/ecg_cnn_nexys_bd_backup/ecg_cnn_bd.ip_user_files/bd/system_bd/ip/system_bd_smartconnect_0_0/bd_0/ip/ip_35/sim/bd_e6ac_sawn_2.sv" into library xil_defaultlib
INFO: [VRFC 10-311] analyzing module bd_e6ac_sawn_2
INFO: [VRFC 10-2263] Analyzing SystemVerilog file "C:/Users/oussk/Downloads/ecg_cnn_BACKUP_1/hw/ecg_cnn_nexys_bd_backup/ecg_cnn_bd.ip_user_files/bd/system_bd/ip/system_bd_smartconnect_0_0/bd_0/ip/ip_36/sim/bd_e6ac_swn_2.sv" into library xil_defaultlib
INFO: [VRFC 10-311] analyzing module bd_e6ac_swn_2
INFO: [VRFC 10-2263] Analyzing SystemVerilog file "C:/Users/oussk/Downloads/ecg_cnn_BACKUP_1/hw/ecg_cnn_nexys_bd_backup/ecg_cnn_bd.ip_user_files/bd/system_bd/ip/system_bd_smartconnect_0_0/bd_0/ip/ip_37/sim/bd_e6ac_sbn_2.sv" into library xil_defaultlib
INFO: [VRFC 10-311] analyzing module bd_e6ac_sbn_2
INFO: [VRFC 10-2263] Analyzing SystemVerilog file "C:/Users/oussk/Downloads/ecg_cnn_BACKUP_1/hw/ecg_cnn_nexys_bd_backup/ecg_cnn_bd.ip_user_files/bd/system_bd/ip/system_bd_smartconnect_0_0/bd_0/ip/ip_38/sim/bd_e6ac_s04mmu_0.sv" into library xil_defaultlib
INFO: [VRFC 10-311] analyzing module bd_e6ac_s04mmu_0
INFO: [VRFC 10-2263] Analyzing SystemVerilog file "C:/Users/oussk/Downloads/ecg_cnn_BACKUP_1/hw/ecg_cnn_nexys_bd_backup/ecg_cnn_bd.ip_user_files/bd/system_bd/ip/system_bd_smartconnect_0_0/bd_0/ip/ip_39/sim/bd_e6ac_s04tr_0.sv" into library xil_defaultlib
INFO: [VRFC 10-311] analyzing module bd_e6ac_s04tr_0
INFO: [VRFC 10-2263] Analyzing SystemVerilog file "C:/Users/oussk/Downloads/ecg_cnn_BACKUP_1/hw/ecg_cnn_nexys_bd_backup/ecg_cnn_bd.ip_user_files/bd/system_bd/ip/system_bd_smartconnect_0_0/bd_0/ip/ip_40/sim/bd_e6ac_s04sic_0.sv" into library xil_defaultlib
INFO: [VRFC 10-311] analyzing module bd_e6ac_s04sic_0
INFO: [VRFC 10-2263] Analyzing SystemVerilog file "C:/Users/oussk/Downloads/ecg_cnn_BACKUP_1/hw/ecg_cnn_nexys_bd_backup/ecg_cnn_bd.ip_user_files/bd/system_bd/ip/system_bd_smartconnect_0_0/bd_0/ip/ip_41/sim/bd_e6ac_s04a2s_0.sv" into library xil_defaultlib
INFO: [VRFC 10-311] analyzing module bd_e6ac_s04a2s_0
INFO: [VRFC 10-2263] Analyzing SystemVerilog file "C:/Users/oussk/Downloads/ecg_cnn_BACKUP_1/hw/ecg_cnn_nexys_bd_backup/ecg_cnn_bd.ip_user_files/bd/system_bd/ip/system_bd_smartconnect_0_0/bd_0/ip/ip_42/sim/bd_e6ac_sarn_3.sv" into library xil_defaultlib
INFO: [VRFC 10-311] analyzing module bd_e6ac_sarn_3
INFO: [VRFC 10-2263] Analyzing SystemVerilog file "C:/Users/oussk/Downloads/ecg_cnn_BACKUP_1/hw/ecg_cnn_nexys_bd_backup/ecg_cnn_bd.ip_user_files/bd/system_bd/ip/system_bd_smartconnect_0_0/bd_0/ip/ip_43/sim/bd_e6ac_srn_3.sv" into library xil_defaultlib
INFO: [VRFC 10-311] analyzing module bd_e6ac_srn_3
INFO: [VRFC 10-2263] Analyzing SystemVerilog file "C:/Users/oussk/Downloads/ecg_cnn_BACKUP_1/hw/ecg_cnn_nexys_bd_backup/ecg_cnn_bd.ip_user_files/bd/system_bd/ip/system_bd_smartconnect_0_0/bd_0/ip/ip_44/sim/bd_e6ac_m00s2a_0.sv" into library xil_defaultlib
INFO: [VRFC 10-311] analyzing module bd_e6ac_m00s2a_0
INFO: [VRFC 10-2263] Analyzing SystemVerilog file "C:/Users/oussk/Downloads/ecg_cnn_BACKUP_1/hw/ecg_cnn_nexys_bd_backup/ecg_cnn_bd.ip_user_files/bd/system_bd/ip/system_bd_smartconnect_0_0/bd_0/ip/ip_45/sim/bd_e6ac_m00arn_0.sv" into library xil_defaultlib
INFO: [VRFC 10-311] analyzing module bd_e6ac_m00arn_0
INFO: [VRFC 10-2263] Analyzing SystemVerilog file "C:/Users/oussk/Downloads/ecg_cnn_BACKUP_1/hw/ecg_cnn_nexys_bd_backup/ecg_cnn_bd.ip_user_files/bd/system_bd/ip/system_bd_smartconnect_0_0/bd_0/ip/ip_46/sim/bd_e6ac_m00rn_0.sv" into library xil_defaultlib
INFO: [VRFC 10-311] analyzing module bd_e6ac_m00rn_0
INFO: [VRFC 10-2263] Analyzing SystemVerilog file "C:/Users/oussk/Downloads/ecg_cnn_BACKUP_1/hw/ecg_cnn_nexys_bd_backup/ecg_cnn_bd.ip_user_files/bd/system_bd/ip/system_bd_smartconnect_0_0/bd_0/ip/ip_47/sim/bd_e6ac_m00awn_0.sv" into library xil_defaultlib
INFO: [VRFC 10-311] analyzing module bd_e6ac_m00awn_0
INFO: [VRFC 10-2263] Analyzing SystemVerilog file "C:/Users/oussk/Downloads/ecg_cnn_BACKUP_1/hw/ecg_cnn_nexys_bd_backup/ecg_cnn_bd.ip_user_files/bd/system_bd/ip/system_bd_smartconnect_0_0/bd_0/ip/ip_48/sim/bd_e6ac_m00wn_0.sv" into library xil_defaultlib
INFO: [VRFC 10-311] analyzing module bd_e6ac_m00wn_0
INFO: [VRFC 10-2263] Analyzing SystemVerilog file "C:/Users/oussk/Downloads/ecg_cnn_BACKUP_1/hw/ecg_cnn_nexys_bd_backup/ecg_cnn_bd.ip_user_files/bd/system_bd/ip/system_bd_smartconnect_0_0/bd_0/ip/ip_49/sim/bd_e6ac_m00bn_0.sv" into library xil_defaultlib
INFO: [VRFC 10-311] analyzing module bd_e6ac_m00bn_0
INFO: [VRFC 10-2263] Analyzing SystemVerilog file "C:/Users/oussk/Downloads/ecg_cnn_BACKUP_1/hw/ecg_cnn_nexys_bd_backup/ecg_cnn_bd.ip_user_files/bd/system_bd/ip/system_bd_smartconnect_0_0/bd_0/ip/ip_50/sim/bd_e6ac_m00e_0.sv" into library xil_defaultlib
INFO: [VRFC 10-311] analyzing module bd_e6ac_m00e_0
INFO: [VRFC 10-2263] Analyzing SystemVerilog file "C:/Users/oussk/Downloads/ecg_cnn_BACKUP_1/hw/ecg_cnn_nexys_bd_backup/ecg_cnn_bd.ip_user_files/bd/system_bd/ip/system_bd_smartconnect_0_0/bd_0/ip/ip_51/sim/bd_e6ac_m01s2a_0.sv" into library xil_defaultlib
INFO: [VRFC 10-311] analyzing module bd_e6ac_m01s2a_0
INFO: [VRFC 10-2263] Analyzing SystemVerilog file "C:/Users/oussk/Downloads/ecg_cnn_BACKUP_1/hw/ecg_cnn_nexys_bd_backup/ecg_cnn_bd.ip_user_files/bd/system_bd/ip/system_bd_smartconnect_0_0/bd_0/ip/ip_52/sim/bd_e6ac_m01arn_0.sv" into library xil_defaultlib
INFO: [VRFC 10-311] analyzing module bd_e6ac_m01arn_0
INFO: [VRFC 10-2263] Analyzing SystemVerilog file "C:/Users/oussk/Downloads/ecg_cnn_BACKUP_1/hw/ecg_cnn_nexys_bd_backup/ecg_cnn_bd.ip_user_files/bd/system_bd/ip/system_bd_smartconnect_0_0/bd_0/ip/ip_53/sim/bd_e6ac_m01rn_0.sv" into library xil_defaultlib
INFO: [VRFC 10-311] analyzing module bd_e6ac_m01rn_0
INFO: [VRFC 10-2263] Analyzing SystemVerilog file "C:/Users/oussk/Downloads/ecg_cnn_BACKUP_1/hw/ecg_cnn_nexys_bd_backup/ecg_cnn_bd.ip_user_files/bd/system_bd/ip/system_bd_smartconnect_0_0/bd_0/ip/ip_54/sim/bd_e6ac_m01awn_0.sv" into library xil_defaultlib
INFO: [VRFC 10-311] analyzing module bd_e6ac_m01awn_0
INFO: [VRFC 10-2263] Analyzing SystemVerilog file "C:/Users/oussk/Downloads/ecg_cnn_BACKUP_1/hw/ecg_cnn_nexys_bd_backup/ecg_cnn_bd.ip_user_files/bd/system_bd/ip/system_bd_smartconnect_0_0/bd_0/ip/ip_55/sim/bd_e6ac_m01wn_0.sv" into library xil_defaultlib
INFO: [VRFC 10-311] analyzing module bd_e6ac_m01wn_0
INFO: [VRFC 10-2263] Analyzing SystemVerilog file "C:/Users/oussk/Downloads/ecg_cnn_BACKUP_1/hw/ecg_cnn_nexys_bd_backup/ecg_cnn_bd.ip_user_files/bd/system_bd/ip/system_bd_smartconnect_0_0/bd_0/ip/ip_56/sim/bd_e6ac_m01bn_0.sv" into library xil_defaultlib
INFO: [VRFC 10-311] analyzing module bd_e6ac_m01bn_0
INFO: [VRFC 10-2263] Analyzing SystemVerilog file "C:/Users/oussk/Downloads/ecg_cnn_BACKUP_1/hw/ecg_cnn_nexys_bd_backup/ecg_cnn_bd.ip_user_files/bd/system_bd/ip/system_bd_smartconnect_0_0/bd_0/ip/ip_57/sim/bd_e6ac_m01e_0.sv" into library xil_defaultlib
INFO: [VRFC 10-311] analyzing module bd_e6ac_m01e_0
INFO: [VRFC 10-2263] Analyzing SystemVerilog file "C:/Users/oussk/Downloads/ecg_cnn_BACKUP_1/hw/ecg_cnn_nexys_bd_backup/ecg_cnn_bd.ip_user_files/bd/system_bd/ip/system_bd_smartconnect_0_0/bd_0/ip/ip_58/sim/bd_e6ac_m02s2a_0.sv" into library xil_defaultlib
INFO: [VRFC 10-311] analyzing module bd_e6ac_m02s2a_0
INFO: [VRFC 10-2263] Analyzing SystemVerilog file "C:/Users/oussk/Downloads/ecg_cnn_BACKUP_1/hw/ecg_cnn_nexys_bd_backup/ecg_cnn_bd.ip_user_files/bd/system_bd/ip/system_bd_smartconnect_0_0/bd_0/ip/ip_59/sim/bd_e6ac_m02arn_0.sv" into library xil_defaultlib
INFO: [VRFC 10-311] analyzing module bd_e6ac_m02arn_0
INFO: [VRFC 10-2263] Analyzing SystemVerilog file "C:/Users/oussk/Downloads/ecg_cnn_BACKUP_1/hw/ecg_cnn_nexys_bd_backup/ecg_cnn_bd.ip_user_files/bd/system_bd/ip/system_bd_smartconnect_0_0/bd_0/ip/ip_60/sim/bd_e6ac_m02rn_0.sv" into library xil_defaultlib
INFO: [VRFC 10-311] analyzing module bd_e6ac_m02rn_0
INFO: [VRFC 10-2263] Analyzing SystemVerilog file "C:/Users/oussk/Downloads/ecg_cnn_BACKUP_1/hw/ecg_cnn_nexys_bd_backup/ecg_cnn_bd.ip_user_files/bd/system_bd/ip/system_bd_smartconnect_0_0/bd_0/ip/ip_61/sim/bd_e6ac_m02awn_0.sv" into library xil_defaultlib
INFO: [VRFC 10-311] analyzing module bd_e6ac_m02awn_0
INFO: [VRFC 10-2263] Analyzing SystemVerilog file "C:/Users/oussk/Downloads/ecg_cnn_BACKUP_1/hw/ecg_cnn_nexys_bd_backup/ecg_cnn_bd.ip_user_files/bd/system_bd/ip/system_bd_smartconnect_0_0/bd_0/ip/ip_62/sim/bd_e6ac_m02wn_0.sv" into library xil_defaultlib
INFO: [VRFC 10-311] analyzing module bd_e6ac_m02wn_0
INFO: [VRFC 10-2263] Analyzing SystemVerilog file "C:/Users/oussk/Downloads/ecg_cnn_BACKUP_1/hw/ecg_cnn_nexys_bd_backup/ecg_cnn_bd.ip_user_files/bd/system_bd/ip/system_bd_smartconnect_0_0/bd_0/ip/ip_63/sim/bd_e6ac_m02bn_0.sv" into library xil_defaultlib
INFO: [VRFC 10-311] analyzing module bd_e6ac_m02bn_0
INFO: [VRFC 10-2263] Analyzing SystemVerilog file "C:/Users/oussk/Downloads/ecg_cnn_BACKUP_1/hw/ecg_cnn_nexys_bd_backup/ecg_cnn_bd.ip_user_files/bd/system_bd/ip/system_bd_smartconnect_0_0/bd_0/ip/ip_64/sim/bd_e6ac_m02e_0.sv" into library xil_defaultlib
INFO: [VRFC 10-311] analyzing module bd_e6ac_m02e_0
INFO: [VRFC 10-2263] Analyzing SystemVerilog file "C:/Users/oussk/Downloads/ecg_cnn_BACKUP_1/hw/ecg_cnn_nexys_bd_backup/ecg_cnn_bd.ip_user_files/bd/system_bd/ip/system_bd_smartconnect_0_0/bd_0/ip/ip_65/sim/bd_e6ac_m03s2a_0.sv" into library xil_defaultlib
INFO: [VRFC 10-311] analyzing module bd_e6ac_m03s2a_0
INFO: [VRFC 10-2263] Analyzing SystemVerilog file "C:/Users/oussk/Downloads/ecg_cnn_BACKUP_1/hw/ecg_cnn_nexys_bd_backup/ecg_cnn_bd.ip_user_files/bd/system_bd/ip/system_bd_smartconnect_0_0/bd_0/ip/ip_66/sim/bd_e6ac_m03arn_0.sv" into library xil_defaultlib
INFO: [VRFC 10-311] analyzing module bd_e6ac_m03arn_0
INFO: [VRFC 10-2263] Analyzing SystemVerilog file "C:/Users/oussk/Downloads/ecg_cnn_BACKUP_1/hw/ecg_cnn_nexys_bd_backup/ecg_cnn_bd.ip_user_files/bd/system_bd/ip/system_bd_smartconnect_0_0/bd_0/ip/ip_67/sim/bd_e6ac_m03rn_0.sv" into library xil_defaultlib
INFO: [VRFC 10-311] analyzing module bd_e6ac_m03rn_0
INFO: [VRFC 10-2263] Analyzing SystemVerilog file "C:/Users/oussk/Downloads/ecg_cnn_BACKUP_1/hw/ecg_cnn_nexys_bd_backup/ecg_cnn_bd.ip_user_files/bd/system_bd/ip/system_bd_smartconnect_0_0/bd_0/ip/ip_68/sim/bd_e6ac_m03awn_0.sv" into library xil_defaultlib
INFO: [VRFC 10-311] analyzing module bd_e6ac_m03awn_0
INFO: [VRFC 10-2263] Analyzing SystemVerilog file "C:/Users/oussk/Downloads/ecg_cnn_BACKUP_1/hw/ecg_cnn_nexys_bd_backup/ecg_cnn_bd.ip_user_files/bd/system_bd/ip/system_bd_smartconnect_0_0/bd_0/ip/ip_69/sim/bd_e6ac_m03wn_0.sv" into library xil_defaultlib
INFO: [VRFC 10-311] analyzing module bd_e6ac_m03wn_0
INFO: [VRFC 10-2263] Analyzing SystemVerilog file "C:/Users/oussk/Downloads/ecg_cnn_BACKUP_1/hw/ecg_cnn_nexys_bd_backup/ecg_cnn_bd.ip_user_files/bd/system_bd/ip/system_bd_smartconnect_0_0/bd_0/ip/ip_70/sim/bd_e6ac_m03bn_0.sv" into library xil_defaultlib
INFO: [VRFC 10-311] analyzing module bd_e6ac_m03bn_0
INFO: [VRFC 10-2263] Analyzing SystemVerilog file "C:/Users/oussk/Downloads/ecg_cnn_BACKUP_1/hw/ecg_cnn_nexys_bd_backup/ecg_cnn_bd.ip_user_files/bd/system_bd/ip/system_bd_smartconnect_0_0/bd_0/ip/ip_71/sim/bd_e6ac_m03e_0.sv" into library xil_defaultlib
INFO: [VRFC 10-311] analyzing module bd_e6ac_m03e_0
INFO: [VRFC 10-2263] Analyzing SystemVerilog file "C:/Users/oussk/Downloads/ecg_cnn_BACKUP_1/hw/ecg_cnn_nexys_bd_backup/ecg_cnn_bd.ip_user_files/bd/system_bd/ip/system_bd_smartconnect_0_0/bd_0/ip/ip_72/sim/bd_e6ac_m04s2a_0.sv" into library xil_defaultlib
INFO: [VRFC 10-311] analyzing module bd_e6ac_m04s2a_0
INFO: [VRFC 10-2263] Analyzing SystemVerilog file "C:/Users/oussk/Downloads/ecg_cnn_BACKUP_1/hw/ecg_cnn_nexys_bd_backup/ecg_cnn_bd.ip_user_files/bd/system_bd/ip/system_bd_smartconnect_0_0/bd_0/ip/ip_73/sim/bd_e6ac_m04arn_0.sv" into library xil_defaultlib
INFO: [VRFC 10-311] analyzing module bd_e6ac_m04arn_0
INFO: [VRFC 10-2263] Analyzing SystemVerilog file "C:/Users/oussk/Downloads/ecg_cnn_BACKUP_1/hw/ecg_cnn_nexys_bd_backup/ecg_cnn_bd.ip_user_files/bd/system_bd/ip/system_bd_smartconnect_0_0/bd_0/ip/ip_74/sim/bd_e6ac_m04rn_0.sv" into library xil_defaultlib
INFO: [VRFC 10-311] analyzing module bd_e6ac_m04rn_0
INFO: [VRFC 10-2263] Analyzing SystemVerilog file "C:/Users/oussk/Downloads/ecg_cnn_BACKUP_1/hw/ecg_cnn_nexys_bd_backup/ecg_cnn_bd.ip_user_files/bd/system_bd/ip/system_bd_smartconnect_0_0/bd_0/ip/ip_75/sim/bd_e6ac_m04awn_0.sv" into library xil_defaultlib
INFO: [VRFC 10-311] analyzing module bd_e6ac_m04awn_0
INFO: [VRFC 10-2263] Analyzing SystemVerilog file "C:/Users/oussk/Downloads/ecg_cnn_BACKUP_1/hw/ecg_cnn_nexys_bd_backup/ecg_cnn_bd.ip_user_files/bd/system_bd/ip/system_bd_smartconnect_0_0/bd_0/ip/ip_76/sim/bd_e6ac_m04wn_0.sv" into library xil_defaultlib
INFO: [VRFC 10-311] analyzing module bd_e6ac_m04wn_0
INFO: [VRFC 10-2263] Analyzing SystemVerilog file "C:/Users/oussk/Downloads/ecg_cnn_BACKUP_1/hw/ecg_cnn_nexys_bd_backup/ecg_cnn_bd.ip_user_files/bd/system_bd/ip/system_bd_smartconnect_0_0/bd_0/ip/ip_77/sim/bd_e6ac_m04bn_0.sv" into library xil_defaultlib
INFO: [VRFC 10-311] analyzing module bd_e6ac_m04bn_0
INFO: [VRFC 10-2263] Analyzing SystemVerilog file "C:/Users/oussk/Downloads/ecg_cnn_BACKUP_1/hw/ecg_cnn_nexys_bd_backup/ecg_cnn_bd.ip_user_files/bd/system_bd/ip/system_bd_smartconnect_0_0/bd_0/ip/ip_78/sim/bd_e6ac_m04e_0.sv" into library xil_defaultlib
INFO: [VRFC 10-311] analyzing module bd_e6ac_m04e_0
INFO: [VRFC 10-2263] Analyzing SystemVerilog file "C:/Users/oussk/Downloads/ecg_cnn_BACKUP_1/hw/ecg_cnn_nexys_bd_backup/ecg_cnn_bd.ip_user_files/bd/system_bd/ip/system_bd_smartconnect_0_0/bd_0/ip/ip_79/sim/bd_e6ac_m05s2a_0.sv" into library xil_defaultlib
INFO: [VRFC 10-311] analyzing module bd_e6ac_m05s2a_0
INFO: [VRFC 10-2263] Analyzing SystemVerilog file "C:/Users/oussk/Downloads/ecg_cnn_BACKUP_1/hw/ecg_cnn_nexys_bd_backup/ecg_cnn_bd.ip_user_files/bd/system_bd/ip/system_bd_smartconnect_0_0/bd_0/ip/ip_80/sim/bd_e6ac_m05arn_0.sv" into library xil_defaultlib
INFO: [VRFC 10-311] analyzing module bd_e6ac_m05arn_0
INFO: [VRFC 10-2263] Analyzing SystemVerilog file "C:/Users/oussk/Downloads/ecg_cnn_BACKUP_1/hw/ecg_cnn_nexys_bd_backup/ecg_cnn_bd.ip_user_files/bd/system_bd/ip/system_bd_smartconnect_0_0/bd_0/ip/ip_81/sim/bd_e6ac_m05rn_0.sv" into library xil_defaultlib
INFO: [VRFC 10-311] analyzing module bd_e6ac_m05rn_0
INFO: [VRFC 10-2263] Analyzing SystemVerilog file "C:/Users/oussk/Downloads/ecg_cnn_BACKUP_1/hw/ecg_cnn_nexys_bd_backup/ecg_cnn_bd.ip_user_files/bd/system_bd/ip/system_bd_smartconnect_0_0/bd_0/ip/ip_82/sim/bd_e6ac_m05awn_0.sv" into library xil_defaultlib
INFO: [VRFC 10-311] analyzing module bd_e6ac_m05awn_0
INFO: [VRFC 10-2263] Analyzing SystemVerilog file "C:/Users/oussk/Downloads/ecg_cnn_BACKUP_1/hw/ecg_cnn_nexys_bd_backup/ecg_cnn_bd.ip_user_files/bd/system_bd/ip/system_bd_smartconnect_0_0/bd_0/ip/ip_83/sim/bd_e6ac_m05wn_0.sv" into library xil_defaultlib
INFO: [VRFC 10-311] analyzing module bd_e6ac_m05wn_0
INFO: [VRFC 10-2263] Analyzing SystemVerilog file "C:/Users/oussk/Downloads/ecg_cnn_BACKUP_1/hw/ecg_cnn_nexys_bd_backup/ecg_cnn_bd.ip_user_files/bd/system_bd/ip/system_bd_smartconnect_0_0/bd_0/ip/ip_84/sim/bd_e6ac_m05bn_0.sv" into library xil_defaultlib
INFO: [VRFC 10-311] analyzing module bd_e6ac_m05bn_0
INFO: [VRFC 10-2263] Analyzing SystemVerilog file "C:/Users/oussk/Downloads/ecg_cnn_BACKUP_1/hw/ecg_cnn_nexys_bd_backup/ecg_cnn_bd.ip_user_files/bd/system_bd/ip/system_bd_smartconnect_0_0/bd_0/ip/ip_85/sim/bd_e6ac_m05e_0.sv" into library xil_defaultlib
INFO: [VRFC 10-311] analyzing module bd_e6ac_m05e_0
INFO: [VRFC 10-2263] Analyzing Verilog file "C:/Users/oussk/Downloads/ecg_cnn_BACKUP_1/hw/ecg_cnn_nexys_bd_backup/ecg_cnn_bd.ip_user_files/bd/system_bd/ip/system_bd_smartconnect_0_0/bd_0/sim/bd_e6ac.v" into library xil_defaultlib
INFO: [VRFC 10-311] analyzing module bd_e6ac
INFO: [VRFC 10-311] analyzing module clk_map_imp_1CTFAST
INFO: [VRFC 10-311] analyzing module m00_exit_pipeline_imp_O8R8AE
INFO: [VRFC 10-311] analyzing module m00_nodes_imp_2230KA
INFO: [VRFC 10-311] analyzing module m01_exit_pipeline_imp_HVY4JA
INFO: [VRFC 10-311] analyzing module m01_nodes_imp_16U7RVW
INFO: [VRFC 10-311] analyzing module m02_exit_pipeline_imp_XL7YGM
INFO: [VRFC 10-311] analyzing module m02_nodes_imp_1RTKTH3
INFO: [VRFC 10-311] analyzing module m03_exit_pipeline_imp_UKAOS6
INFO: [VRFC 10-311] analyzing module m03_nodes_imp_Y529MP
INFO: [VRFC 10-311] analyzing module m04_exit_pipeline_imp_3BST6E
INFO: [VRFC 10-311] analyzing module m04_nodes_imp_8JE4CH
INFO: [VRFC 10-311] analyzing module m05_exit_pipeline_imp_801KDY
INFO: [VRFC 10-311] analyzing module m05_nodes_imp_10KE7LJ
INFO: [VRFC 10-311] analyzing module s00_entry_pipeline_imp_1MY7WL1
INFO: [VRFC 10-311] analyzing module s00_nodes_imp_1HRWYWF
INFO: [VRFC 10-311] analyzing module s01_entry_pipeline_imp_LXC02P
INFO: [VRFC 10-311] analyzing module s01_nodes_imp_PQH2VT
INFO: [VRFC 10-311] analyzing module s02_entry_pipeline_imp_G24VA4
INFO: [VRFC 10-311] analyzing module s02_nodes_imp_91Y1VM
INFO: [VRFC 10-311] analyzing module s03_entry_pipeline_imp_193WTC8
INFO: [VRFC 10-311] analyzing module s03_nodes_imp_1GMO19W
INFO: [VRFC 10-311] analyzing module s04_entry_pipeline_imp_1MV9OH2
INFO: [VRFC 10-311] analyzing module s04_nodes_imp_1O1GMUS
INFO: [VRFC 10-311] analyzing module switchboards_imp_1B8AX8B
INFO: [VRFC 10-2263] Analyzing SystemVerilog file "C:/Users/oussk/Downloads/ecg_cnn_BACKUP_1/hw/ecg_cnn_nexys_bd_backup/ecg_cnn_bd.ip_user_files/bd/system_bd/ip/system_bd_smartconnect_0_0/sim/system_bd_smartconnect_0_0.sv" into library xil_defaultlib
INFO: [VRFC 10-311] analyzing module system_bd_smartconnect_0_0
INFO: [VRFC 10-2263] Analyzing Verilog file "C:/Users/oussk/Downloads/ecg_cnn_BACKUP_1/hw/ecg_cnn_nexys_bd_backup/ecg_cnn_bd.ip_user_files/bd/system_bd/ip/system_bd_xlconstant_0_0/sim/system_bd_xlconstant_0_0.v" into library xil_defaultlib
INFO: [VRFC 10-311] analyzing module system_bd_xlconstant_0_0
INFO: [VRFC 10-2263] Analyzing Verilog file "C:/Users/oussk/Downloads/ecg_cnn_BACKUP_1/hw/ecg_cnn_nexys_bd_backup/ecg_cnn_bd.sim/sim_1/behav/xsim/glbl.v" into library xil_defaultlib
INFO: [VRFC 10-311] analyzing module glbl
