

================================================================
== Vitis HLS Report for 'exp_12_3_s'
================================================================
* Date:           Thu Dec 11 00:00:20 2025

* Version:        2025.1 (Build 6135595 on May 21 2025)
* Project:        ecg_cnn
* Solution:       hls (Vivado IP Flow Target)
* Product family: artix7
* Target device:  xc7a100t-csg324-1


================================================================
== Performance Estimates
================================================================
+ Timing: 
    * Summary: 
    +--------+----------+----------+------------+
    |  Clock |  Target  | Estimated| Uncertainty|
    +--------+----------+----------+------------+
    |ap_clk  |  10.00 ns|  6.770 ns|     2.00 ns|
    +--------+----------+----------+------------+

+ Latency: 
    * Summary: 
    +---------+---------+-----------+-----------+-----+-----+---------+
    |  Latency (cycles) |   Latency (absolute)  |  Interval | Pipeline|
    |   min   |   max   |    min    |    max    | min | max |   Type  |
    +---------+---------+-----------+-----------+-----+-----+---------+
    |        5|        5|  50.000 ns|  50.000 ns|    1|    1|      yes|
    +---------+---------+-----------+-----------+-----+-----+---------+

    + Detail: 
        * Instance: 
        N/A

        * Loop: 
        N/A



================================================================
== Utilization Estimates
================================================================
* Summary: 
+-----------------+---------+-----+--------+-------+-----+
|       Name      | BRAM_18K| DSP |   FF   |  LUT  | URAM|
+-----------------+---------+-----+--------+-------+-----+
|DSP              |        -|    -|       -|      -|    -|
|Expression       |        -|    -|       0|    119|    -|
|FIFO             |        -|    -|       -|      -|    -|
|Instance         |        -|    3|       0|     96|    -|
|Memory           |        0|    -|      61|     32|    -|
|Multiplexer      |        -|    -|       0|     13|    -|
|Register         |        -|    -|     293|     32|    -|
+-----------------+---------+-----+--------+-------+-----+
|Total            |        0|    3|     354|    292|    0|
+-----------------+---------+-----+--------+-------+-----+
|Available        |      270|  240|  126800|  63400|    0|
+-----------------+---------+-----+--------+-------+-----+
|Utilization (%)  |        0|    1|      ~0|     ~0|    0|
+-----------------+---------+-----+--------+-------+-----+

+ Detail: 
    * Instance: 
    +---------------------------+----------------------+---------+----+---+----+-----+
    |          Instance         |        Module        | BRAM_18K| DSP| FF| LUT| URAM|
    +---------------------------+----------------------+---------+----+---+----+-----+
    |mul_25ns_18ns_43_1_0_U286  |mul_25ns_18ns_43_1_0  |        0|   1|  0|  48|    0|
    |mul_25ns_25ns_50_1_0_U285  |mul_25ns_25ns_50_1_0  |        0|   2|  0|  48|    0|
    +---------------------------+----------------------+---------+----+---+----+-----+
    |Total                      |                      |        0|   3|  0|  96|    0|
    +---------------------------+----------------------+---------+----+---+----+-----+

    * DSP: 
    N/A

    * Memory: 
    +-------------------------+----------------------------------------------+---------+----+----+-----+------+-----+------+-------------+
    |          Memory         |                    Module                    | BRAM_18K| FF | LUT| URAM| Words| Bits| Banks| W*Bits*Banks|
    +-------------------------+----------------------------------------------+---------+----+----+-----+------+-----+------+-------------+
    |exp_x_msb_1_table_U      |exp_12_3_s_exp_x_msb_1_table_ROM_AUTO_1R      |        0|  25|  13|    0|    32|   25|     1|          800|
    |exp_x_msb_2_m_1_table_U  |exp_12_3_s_exp_x_msb_2_m_1_table_ROM_AUTO_1R  |        0|  25|  13|    0|    32|   25|     1|          800|
    |f_x_lsb_table_U          |exp_12_3_s_f_x_lsb_table_ROM_AUTO_1R          |        0|  11|   6|    0|    32|   11|     1|          352|
    +-------------------------+----------------------------------------------+---------+----+----+-----+------+-----+------+-------------+
    |Total                    |                                              |        0|  61|  32|    0|    96|   61|     3|         1952|
    +-------------------------+----------------------------------------------+---------+----+----+-----+------+-----+------+-------------+

    * FIFO: 
    N/A

    * Expression: 
    +-------------------------------+----------+----+---+----+------------+------------+
    |         Variable Name         | Operation| DSP| FF| LUT| Bitwidth P0| Bitwidth P1|
    +-------------------------------+----------+----+---+----+------------+------------+
    |add_ln223_fu_242_p2            |         +|   0|  0|  27|          20|          20|
    |exp_x_msb_2_lsb_m_1_fu_252_p2  |         +|   0|  0|  32|          25|          25|
    |y_l_fu_275_p2                  |         +|   0|  0|  32|          25|          25|
    |or_ln245_1_fu_357_p2           |        or|   0|  0|   2|           1|           1|
    |or_ln245_2_fu_363_p2           |        or|   0|  0|   2|           1|           1|
    |or_ln245_3_fu_369_p2           |        or|   0|  0|   2|           1|           1|
    |or_ln245_4_fu_375_p2           |        or|   0|  0|   2|           1|           1|
    |or_ln245_5_fu_381_p2           |        or|   0|  0|   2|           1|           1|
    |or_ln245_6_fu_387_p2           |        or|   0|  0|   2|           1|           1|
    |or_ln245_fu_351_p2             |        or|   0|  0|   2|           1|           1|
    |overf_1_fu_393_p2              |        or|   0|  0|   2|           1|           1|
    |select_ln259_fu_409_p3         |    select|   0|  0|  12|           1|          11|
    +-------------------------------+----------+----+---+----+------------+------------+
    |Total                          |          |   0|  0| 119|          79|          89|
    +-------------------------------+----------+----+---+----+------------+------------+

    * Multiplexer: 
    +-----------+----+-----------+-----+-----------+
    |    Name   | LUT| Input Size| Bits| Total Bits|
    +-----------+----+-----------+-----+-----------+
    |ap_return  |  13|          3|   12|         36|
    +-----------+----+-----------+-----+-----------+
    |Total      |  13|          3|   12|         36|
    +-----------+----+-----------+-----+-----------+

    * Register: 
    +---------------------------------------+----+----+-----+-----------+
    |                  Name                 | FF | LUT| Bits| Const Bits|
    +---------------------------------------+----+----+-----+-----------+
    |ap_ce_reg                              |   1|   0|    1|          0|
    |ap_return_int_reg                      |  12|   0|   12|          0|
    |exp_x_msb_1_reg_470                    |  25|   0|   25|          0|
    |exp_x_msb_1_reg_470_pp0_iter4_reg      |  25|   0|   25|          0|
    |exp_x_msb_2_lsb_m_1_reg_465            |  25|   0|   25|          0|
    |exp_x_msb_2_m_1_reg_449                |  25|   0|   25|          0|
    |exp_x_msb_2_m_1_reg_449_pp0_iter2_reg  |  25|   0|   25|          0|
    |f_x_lsb_reg_443                        |  11|   0|   11|          0|
    |f_x_lsb_reg_443_pp0_iter2_reg          |  11|   0|   11|          0|
    |tmp_9_reg_422                          |   4|   0|    4|          0|
    |tmp_9_reg_422_pp0_iter1_reg            |   4|   0|    4|          0|
    |tmp_reg_417                            |   1|   0|    1|          0|
    |tmp_reg_417_pp0_iter1_reg              |   1|   0|    1|          0|
    |tmp_s_reg_455                          |  19|   0|   19|          0|
    |trunc_ln191_reg_427                    |   3|   0|    3|          0|
    |x_int_reg                              |  12|   0|   12|          0|
    |y_lo_s_reg_476                         |  25|   0|   25|          0|
    |trunc_ln191_reg_427                    |  64|  32|    3|          0|
    +---------------------------------------+----+----+-----+-----------+
    |Total                                  | 293|  32|  232|          0|
    +---------------------------------------+----+----+-----+-----------+



================================================================
== Interface
================================================================
* Summary: 
+-----------+-----+-----+------------+--------------+--------------+
| RTL Ports | Dir | Bits|  Protocol  | Source Object|    C Type    |
+-----------+-----+-----+------------+--------------+--------------+
|ap_clk     |   in|    1|  ap_ctrl_hs|    exp<12, 3>|  return value|
|ap_rst     |   in|    1|  ap_ctrl_hs|    exp<12, 3>|  return value|
|ap_return  |  out|   12|  ap_ctrl_hs|    exp<12, 3>|  return value|
|ap_ce      |   in|    1|  ap_ctrl_hs|    exp<12, 3>|  return value|
|x          |   in|   12|     ap_none|             x|        scalar|
+-----------+-----+-----+------------+--------------+--------------+

