#-----------------------------------------------------------
# updatemem v2025.1 (64-bit)
# SW Build 6140146 on Wed May 21 17:48:38 MDT 2025
# IP Build 6138677 on Thu May 22 03:10:11 MDT 2025
# SharedData Build 6139179 on Tue May 20 17:58:58 MDT 2025
# Start of session at: Wed Nov  5 16:43:29 2025
# Process ID         : 21044
# Current directory  : c:/Users/oussk/AppData/Roaming/Xilinx/Vivado
# Command line       : updatemem.exe -mode batch -source C:/Xilinx/2025.1/Vitis/scripts/updatemem/main.tcl -notrace -tclargs -meminfo C:/Users/oussk/Downloads/ecg_cnn_BACKUP/hw_HLS_backup/ECG_CNN_nexys_backup/ecg_firmware_rom/_ide/bitstream/bitstream_mem_addr_mod.mmi -data C:/Xilinx/2025.1/Vitis/data/embeddedsw/lib/microblaze/mb_bootloop_le.elf -proc system_bd_i/microblaze_0 -bit C:/Users/oussk/Downloads/ecg_cnn_BACKUP/hw_HLS_backup/ECG_CNN_nexys_backup/ecg_firmware_rom/_ide/bitstream/download.bit -out C:/Users/oussk/Downloads/ecg_cnn_BACKUP/hw_HLS_backup/ECG_CNN_nexys_backup/ecg_firmware_rom/_ide/bitstream/download.bit -force
# Log file           : c:/Users/oussk/AppData/Roaming/Xilinx/Vivado/updatemem.log
# Journal file       : c:/Users/oussk/AppData/Roaming/Xilinx/Vivado\updatemem.jou
# Running On         : LAPTOP-JU02PEUM
# Platform           : Windows Server 2016 or Windows 10
# Operating System   : 26200
# Processor Detail   : AMD Ryzen 5 5600H with Radeon Graphics         
# CPU Frequency      : 3294 MHz
# CPU Physical cores : 6
# CPU Logical cores  : 12
# Host memory        : 16541 MB
# Swap memory        : 11274 MB
# Total Virtual      : 27816 MB
# Available Virtual  : 12582 MB
#-----------------------------------------------------------
source C:/Xilinx/2025.1/Vitis/scripts/updatemem/main.tcl -notrace
Command: update_mem -meminfo C:/Users/oussk/Downloads/ecg_cnn_BACKUP/hw_HLS_backup/ECG_CNN_nexys_backup/ecg_firmware_rom/_ide/bitstream/bitstream_mem_addr_mod.mmi -data C:/Xilinx/2025.1/Vitis/data/embeddedsw/lib/microblaze/mb_bootloop_le.elf -proc system_bd_i/microblaze_0 -bit C:/Users/oussk/Downloads/ecg_cnn_BACKUP/hw_HLS_backup/ECG_CNN_nexys_backup/ecg_firmware_rom/_ide/bitstream/download.bit -out C:/Users/oussk/Downloads/ecg_cnn_BACKUP/hw_HLS_backup/ECG_CNN_nexys_backup/ecg_firmware_rom/_ide/bitstream/download.bit -force
Loading bitfile C:/Users/oussk/Downloads/ecg_cnn_BACKUP/hw_HLS_backup/ECG_CNN_nexys_backup/ecg_firmware_rom/_ide/bitstream/download.bit
Loading data files...
Updating memory content...
Creating bitstream...
Writing bitstream C:/Users/oussk/Downloads/ecg_cnn_BACKUP/hw_HLS_backup/ECG_CNN_nexys_backup/ecg_firmware_rom/_ide/bitstream/download.bit...
0 Infos, 0 Warnings, 0 Critical Warnings and 0 Errors encountered.
update_mem completed successfully
update_mem: Time (s): cpu = 00:00:14 ; elapsed = 00:00:16 . Memory (MB): peak = 599.871 ; gain = 506.582
INFO: [Common 17-206] Exiting updatemem at Wed Nov  5 16:43:45 2025...
