Copyright 1986-2022 Xilinx, Inc. All Rights Reserved. Copyright 2022-2025 Advanced Micro Devices, Inc. All Rights Reserved.
---------------------------------------------------------------------------------------------------------------------------------------------
| Tool Version : Vivado v.2025.1 (win64) Build 6140274 Thu May 22 00:12:29 MDT 2025
| Date         : Mon Nov 17 01:25:01 2025
| Host         : LAPTOP-JU02PEUM running 64-bit major release  (build 9200)
| Command      : upgrade_ip
| Device       : xc7a100tcsg324-1
---------------------------------------------------------------------------------------------------------------------------------------------

Upgrade Log for IP 'system_bd_ecg_cnn_0_1'

1. Summary
----------

SUCCESS in the upgrade of system_bd_ecg_cnn_0_1 (unitn.edu:hls:ecg_cnn:1.0) from (Rev. 2114327547) to (Rev. 2114351482)






Copyright 1986-2022 Xilinx, Inc. All Rights Reserved. Copyright 2022-2025 Advanced Micro Devices, Inc. All Rights Reserved.
---------------------------------------------------------------------------------------------------------------------------------------------
| Tool Version : Vivado v.2025.1 (win64) Build 6140274 Thu May 22 00:12:29 MDT 2025
| Date         : Fri Oct 31 00:01:13 2025
| Host         : LAPTOP-JU02PEUM running 64-bit major release  (build 9200)
| Command      : upgrade_ip
| Device       : xc7a100tcsg324-1
---------------------------------------------------------------------------------------------------------------------------------------------

Upgrade Log for IP 'system_bd_ecg_cnn_0_0'

1. Summary
----------

CAUTION (success, with warnings) in the upgrade of system_bd_ecg_cnn_0_0 from unitn.edu:hls:ecg_cnn:1.0 (Rev. 2114324801) to unitn.edu:hls:ecg_cnn:1.2 (Rev. 2114326918)

After upgrade, an IP may have parameter differences compared to the original customization. Please review the parameters within the IP customization GUI to ensure proper functionality.

2. Customization warnings
-------------------------

Failed to load customization data on the upgraded IP


3. Debug Commands
-----------------






Copyright 1986-2022 Xilinx, Inc. All Rights Reserved. Copyright 2022-2025 Advanced Micro Devices, Inc. All Rights Reserved.
---------------------------------------------------------------------------------------------------------------------------------------------
| Tool Version : Vivado v.2025.1 (win64) Build 6140274 Thu May 22 00:12:29 MDT 2025
| Date         : Thu Oct 30 22:15:10 2025
| Host         : LAPTOP-JU02PEUM running 64-bit major release  (build 9200)
| Command      : upgrade_ip
| Device       : xc7a100tcsg324-1
---------------------------------------------------------------------------------------------------------------------------------------------

Upgrade Log for IP 'ecg_cnn_component'

1. Summary
----------

CAUTION (success, with warnings) in the upgrade of ecg_cnn_component (unitn.edu:hls:ecg_cnn:1.0) from (Rev. 2114324801) to (Rev. 2114326810)

After upgrade, an IP may have parameter differences compared to the original customization. Please review the parameters within the IP customization GUI to ensure proper functionality.

2. Failures
-----------

Could not configure the upgraded 'IP ecg_cnn_component'.
If the problem persists, please contact Xilinx support.
Could not write the upgraded files for 'IP ecg_cnn_component'.
If the problem persists, please contact Xilinx support.

3. Customization warnings
-------------------------

Failed to load customization data on the upgraded IP


4. Debug Commands
-----------------






Copyright 1986-2022 Xilinx, Inc. All Rights Reserved. Copyright 2022-2025 Advanced Micro Devices, Inc. All Rights Reserved.
---------------------------------------------------------------------------------------------------------------------------------------------
| Tool Version : Vivado v.2025.1 (win64) Build 6140274 Thu May 22 00:12:29 MDT 2025
| Date         : Wed Oct 29 13:21:20 2025
| Host         : LAPTOP-JU02PEUM running 64-bit major release  (build 9200)
| Command      : upgrade_ip
| Device       : xc7a100tcsg324-1
---------------------------------------------------------------------------------------------------------------------------------------------

Upgrade Log for IP 'system_bd_ecg_cnn_2_0'

1. Summary
----------

SUCCESS in the upgrade of system_bd_ecg_cnn_2_0 (unitn.edu:hls:ecg_cnn:1.0) from (Rev. 2114298079) to (Rev. 2114324801)






Copyright 1986-2022 Xilinx, Inc. All Rights Reserved. Copyright 2022-2025 Advanced Micro Devices, Inc. All Rights Reserved.
---------------------------------------------------------------------------------------------------------------------------------------------
| Tool Version : Vivado v.2025.1 (win64) Build 6140274 Thu May 22 00:12:29 MDT 2025
| Date         : Wed Oct 29 13:21:19 2025
| Host         : LAPTOP-JU02PEUM running 64-bit major release  (build 9200)
| Command      : upgrade_ip
| Device       : xc7a100tcsg324-1
---------------------------------------------------------------------------------------------------------------------------------------------

Upgrade Log for IP 'ecg_cnn_component'

1. Summary
----------

SUCCESS in the upgrade of ecg_cnn_component (unitn.edu:hls:ecg_cnn:1.0) from (Rev. 2114298079) to (Rev. 2114324801)






Copyright 1986-2022 Xilinx, Inc. All Rights Reserved. Copyright 2022-2025 Advanced Micro Devices, Inc. All Rights Reserved.
---------------------------------------------------------------------------------------------------------------------------------------------
| Tool Version : Vivado v.2025.1 (win64) Build 6140274 Thu May 22 00:12:29 MDT 2025
| Date         : Sat Oct 11 01:33:04 2025
| Host         : LAPTOP-JU02PEUM running 64-bit major release  (build 9200)
| Command      : upgrade_ip
| Device       : xc7a100tcsg324-1
---------------------------------------------------------------------------------------------------------------------------------------------

Upgrade Log for IP 'system_bd_rst_clk_wiz_1_100M_0'

1. Summary
----------

SUCCESS in the update of system_bd_rst_clk_wiz_1_100M_0 (xilinx.com:ip:proc_sys_reset:5.0 (Rev. 17)) to current project options.






Copyright 1986-2022 Xilinx, Inc. All Rights Reserved. Copyright 2022-2025 Advanced Micro Devices, Inc. All Rights Reserved.
---------------------------------------------------------------------------------------------------------------------------------------------
| Tool Version : Vivado v.2025.1 (win64) Build 6140274 Thu May 22 00:12:29 MDT 2025
| Date         : Sat Oct 11 01:33:04 2025
| Host         : LAPTOP-JU02PEUM running 64-bit major release  (build 9200)
| Command      : upgrade_ip
| Device       : xc7a100tcsg324-1
---------------------------------------------------------------------------------------------------------------------------------------------

Upgrade Log for IP 'system_bd_microblaze_0_0'

1. Summary
----------

SUCCESS in the update of system_bd_microblaze_0_0 (xilinx.com:ip:microblaze:11.0 (Rev. 15)) to current project options.

2. Upgrade messages
-------------------

Set parameter C_BASE_VECTORS to value 0x0000000000000000 (source 'default')
Set parameter C_M_AXI_DP_ADDR_WIDTH to value 32 (source 'default')
Set parameter C_M_AXI_DC_ADDR_WIDTH to value 32 (source 'default')
Set parameter C_M_AXI_IP_ADDR_WIDTH to value 32 (source 'default')
Set parameter C_M_AXI_IC_ADDR_WIDTH to value 32 (source 'default')






Copyright 1986-2022 Xilinx, Inc. All Rights Reserved. Copyright 2022-2025 Advanced Micro Devices, Inc. All Rights Reserved.
---------------------------------------------------------------------------------------------------------------------------------------------
| Tool Version : Vivado v.2025.1 (win64) Build 6140274 Thu May 22 00:12:29 MDT 2025
| Date         : Sat Oct 11 01:33:04 2025
| Host         : LAPTOP-JU02PEUM running 64-bit major release  (build 9200)
| Command      : upgrade_ip
| Device       : xc7a100tcsg324-1
---------------------------------------------------------------------------------------------------------------------------------------------

Upgrade Log for IP 'system_bd_mdm_1_0'

1. Summary
----------

SUCCESS in the update of system_bd_mdm_1_0 (xilinx.com:ip:mdm:3.2 (Rev. 28)) to current project options.

2. Upgrade messages
-------------------

Set parameter C_M_AXIS_ID_WIDTH to value 7 (source 'default')






Copyright 1986-2022 Xilinx, Inc. All Rights Reserved. Copyright 2022-2025 Advanced Micro Devices, Inc. All Rights Reserved.
---------------------------------------------------------------------------------------------------------------------------------------------
| Tool Version : Vivado v.2025.1 (win64) Build 6140274 Thu May 22 00:12:29 MDT 2025
| Date         : Sat Oct 11 01:33:04 2025
| Host         : LAPTOP-JU02PEUM running 64-bit major release  (build 9200)
| Command      : upgrade_ip
| Device       : xc7a100tcsg324-1
---------------------------------------------------------------------------------------------------------------------------------------------

Upgrade Log for IP 'system_bd_lmb_bram_0'

1. Summary
----------

SUCCESS in the update of system_bd_lmb_bram_0 (xilinx.com:ip:blk_mem_gen:8.4 (Rev. 11)) to current project options.






Copyright 1986-2022 Xilinx, Inc. All Rights Reserved. Copyright 2022-2025 Advanced Micro Devices, Inc. All Rights Reserved.
---------------------------------------------------------------------------------------------------------------------------------------------
| Tool Version : Vivado v.2025.1 (win64) Build 6140274 Thu May 22 00:12:29 MDT 2025
| Date         : Sat Oct 11 01:33:04 2025
| Host         : LAPTOP-JU02PEUM running 64-bit major release  (build 9200)
| Command      : upgrade_ip
| Device       : xc7a100tcsg324-1
---------------------------------------------------------------------------------------------------------------------------------------------

Upgrade Log for IP 'system_bd_ilmb_v10_0'

1. Summary
----------

SUCCESS in the update of system_bd_ilmb_v10_0 (xilinx.com:ip:lmb_v10:3.0 (Rev. 15)) to current project options.






Copyright 1986-2022 Xilinx, Inc. All Rights Reserved. Copyright 2022-2025 Advanced Micro Devices, Inc. All Rights Reserved.
---------------------------------------------------------------------------------------------------------------------------------------------
| Tool Version : Vivado v.2025.1 (win64) Build 6140274 Thu May 22 00:12:29 MDT 2025
| Date         : Sat Oct 11 01:33:04 2025
| Host         : LAPTOP-JU02PEUM running 64-bit major release  (build 9200)
| Command      : upgrade_ip
| Device       : xc7a100tcsg324-1
---------------------------------------------------------------------------------------------------------------------------------------------

Upgrade Log for IP 'system_bd_ilmb_bram_if_cntlr_0'

1. Summary
----------

SUCCESS in the update of system_bd_ilmb_bram_if_cntlr_0 (xilinx.com:ip:lmb_bram_if_cntlr:4.0 (Rev. 26)) to current project options.

2. Upgrade messages
-------------------

Set parameter C_MASK1 to value 0x0000000000800000 (source 'default')
Set parameter C_MASK2 to value 0x0000000000800000 (source 'default')
Set parameter C_MASK3 to value 0x0000000000800000 (source 'default')






Copyright 1986-2022 Xilinx, Inc. All Rights Reserved. Copyright 2022-2025 Advanced Micro Devices, Inc. All Rights Reserved.
---------------------------------------------------------------------------------------------------------------------------------------------
| Tool Version : Vivado v.2025.1 (win64) Build 6140274 Thu May 22 00:12:29 MDT 2025
| Date         : Sat Oct 11 01:33:04 2025
| Host         : LAPTOP-JU02PEUM running 64-bit major release  (build 9200)
| Command      : upgrade_ip
| Device       : xc7a100tcsg324-1
---------------------------------------------------------------------------------------------------------------------------------------------

Upgrade Log for IP 'system_bd_ecg_cnn_2_0'

1. Summary
----------

SUCCESS in the update of system_bd_ecg_cnn_2_0 (unitn.edu:hls:ecg_cnn:1.0 (Rev. 2114298079)) to current project options.






Copyright 1986-2022 Xilinx, Inc. All Rights Reserved. Copyright 2022-2025 Advanced Micro Devices, Inc. All Rights Reserved.
---------------------------------------------------------------------------------------------------------------------------------------------
| Tool Version : Vivado v.2025.1 (win64) Build 6140274 Thu May 22 00:12:29 MDT 2025
| Date         : Sat Oct 11 01:33:04 2025
| Host         : LAPTOP-JU02PEUM running 64-bit major release  (build 9200)
| Command      : upgrade_ip
| Device       : xc7a100tcsg324-1
---------------------------------------------------------------------------------------------------------------------------------------------

Upgrade Log for IP 'system_bd_dlmb_v10_0'

1. Summary
----------

SUCCESS in the update of system_bd_dlmb_v10_0 (xilinx.com:ip:lmb_v10:3.0 (Rev. 15)) to current project options.






Copyright 1986-2022 Xilinx, Inc. All Rights Reserved. Copyright 2022-2025 Advanced Micro Devices, Inc. All Rights Reserved.
---------------------------------------------------------------------------------------------------------------------------------------------
| Tool Version : Vivado v.2025.1 (win64) Build 6140274 Thu May 22 00:12:29 MDT 2025
| Date         : Sat Oct 11 01:33:04 2025
| Host         : LAPTOP-JU02PEUM running 64-bit major release  (build 9200)
| Command      : upgrade_ip
| Device       : xc7a100tcsg324-1
---------------------------------------------------------------------------------------------------------------------------------------------

Upgrade Log for IP 'system_bd_dlmb_bram_if_cntlr_0'

1. Summary
----------

SUCCESS in the update of system_bd_dlmb_bram_if_cntlr_0 (xilinx.com:ip:lmb_bram_if_cntlr:4.0 (Rev. 26)) to current project options.

2. Upgrade messages
-------------------

Set parameter C_MASK1 to value 0x0000000000800000 (source 'default')
Set parameter C_MASK2 to value 0x0000000000800000 (source 'default')
Set parameter C_MASK3 to value 0x0000000000800000 (source 'default')






Copyright 1986-2022 Xilinx, Inc. All Rights Reserved. Copyright 2022-2025 Advanced Micro Devices, Inc. All Rights Reserved.
---------------------------------------------------------------------------------------------------------------------------------------------
| Tool Version : Vivado v.2025.1 (win64) Build 6140274 Thu May 22 00:12:29 MDT 2025
| Date         : Sat Oct 11 01:33:04 2025
| Host         : LAPTOP-JU02PEUM running 64-bit major release  (build 9200)
| Command      : upgrade_ip
| Device       : xc7a100tcsg324-1
---------------------------------------------------------------------------------------------------------------------------------------------

Upgrade Log for IP 'system_bd_clk_wiz_1_0'

1. Summary
----------

SUCCESS in the update of system_bd_clk_wiz_1_0 (xilinx.com:ip:clk_wiz:6.0 (Rev. 16)) to current project options.






Copyright 1986-2022 Xilinx, Inc. All Rights Reserved. Copyright 2022-2025 Advanced Micro Devices, Inc. All Rights Reserved.
---------------------------------------------------------------------------------------------------------------------------------------------
| Tool Version : Vivado v.2025.1 (win64) Build 6140274 Thu May 22 00:12:29 MDT 2025
| Date         : Sat Oct 11 01:33:04 2025
| Host         : LAPTOP-JU02PEUM running 64-bit major release  (build 9200)
| Command      : upgrade_ip
| Device       : xc7a100tcsg324-1
---------------------------------------------------------------------------------------------------------------------------------------------

Upgrade Log for IP 'system_bd_blk_mem_gen_0_3'

1. Summary
----------

SUCCESS in the update of system_bd_blk_mem_gen_0_3 (xilinx.com:ip:blk_mem_gen:8.4 (Rev. 11)) to current project options.






Copyright 1986-2022 Xilinx, Inc. All Rights Reserved. Copyright 2022-2025 Advanced Micro Devices, Inc. All Rights Reserved.
---------------------------------------------------------------------------------------------------------------------------------------------
| Tool Version : Vivado v.2025.1 (win64) Build 6140274 Thu May 22 00:12:29 MDT 2025
| Date         : Sat Oct 11 01:33:04 2025
| Host         : LAPTOP-JU02PEUM running 64-bit major release  (build 9200)
| Command      : upgrade_ip
| Device       : xc7a100tcsg324-1
---------------------------------------------------------------------------------------------------------------------------------------------

Upgrade Log for IP 'system_bd_blk_mem_gen_0_2'

1. Summary
----------

SUCCESS in the update of system_bd_blk_mem_gen_0_2 (xilinx.com:ip:blk_mem_gen:8.4 (Rev. 11)) to current project options.






Copyright 1986-2022 Xilinx, Inc. All Rights Reserved. Copyright 2022-2025 Advanced Micro Devices, Inc. All Rights Reserved.
---------------------------------------------------------------------------------------------------------------------------------------------
| Tool Version : Vivado v.2025.1 (win64) Build 6140274 Thu May 22 00:12:29 MDT 2025
| Date         : Sat Oct 11 01:33:04 2025
| Host         : LAPTOP-JU02PEUM running 64-bit major release  (build 9200)
| Command      : upgrade_ip
| Device       : xc7a100tcsg324-1
---------------------------------------------------------------------------------------------------------------------------------------------

Upgrade Log for IP 'system_bd_blk_mem_gen_0_1'

1. Summary
----------

SUCCESS in the update of system_bd_blk_mem_gen_0_1 (xilinx.com:ip:blk_mem_gen:8.4 (Rev. 11)) to current project options.






Copyright 1986-2022 Xilinx, Inc. All Rights Reserved. Copyright 2022-2025 Advanced Micro Devices, Inc. All Rights Reserved.
---------------------------------------------------------------------------------------------------------------------------------------------
| Tool Version : Vivado v.2025.1 (win64) Build 6140274 Thu May 22 00:12:29 MDT 2025
| Date         : Sat Oct 11 01:33:04 2025
| Host         : LAPTOP-JU02PEUM running 64-bit major release  (build 9200)
| Command      : upgrade_ip
| Device       : xc7a100tcsg324-1
---------------------------------------------------------------------------------------------------------------------------------------------

Upgrade Log for IP 'system_bd_axi_uartlite_0_0'

1. Summary
----------

SUCCESS in the update of system_bd_axi_uartlite_0_0 (xilinx.com:ip:axi_uartlite:2.0 (Rev. 39)) to current project options.






Copyright 1986-2022 Xilinx, Inc. All Rights Reserved. Copyright 2022-2025 Advanced Micro Devices, Inc. All Rights Reserved.
---------------------------------------------------------------------------------------------------------------------------------------------
| Tool Version : Vivado v.2025.1 (win64) Build 6140274 Thu May 22 00:12:29 MDT 2025
| Date         : Sat Oct 11 01:33:04 2025
| Host         : LAPTOP-JU02PEUM running 64-bit major release  (build 9200)
| Command      : upgrade_ip
| Device       : xc7a100tcsg324-1
---------------------------------------------------------------------------------------------------------------------------------------------

Upgrade Log for IP 'system_bd_axi_smc_0'

1. Summary
----------

SUCCESS in the update of system_bd_axi_smc_0 (xilinx.com:ip:smartconnect:1.0 (Rev. 27)) to current project options.

After upgrade, an IP may have parameter and port differences compared to the original customization. Please review the parameters within the IP customization GUI to ensure proper functionality. Also, please review the updated IP instantiation template to ensure proper connectivity, and update your design if required.

2. Connection and Interface Information
---------------------------------------

Connection and Interface information can not be compared for deferred elaboration IPs.
system_bd_axi_smc_0 may have connection or interface changes.







Copyright 1986-2022 Xilinx, Inc. All Rights Reserved. Copyright 2022-2025 Advanced Micro Devices, Inc. All Rights Reserved.
---------------------------------------------------------------------------------------------------------------------------------------------
| Tool Version : Vivado v.2025.1 (win64) Build 6140274 Thu May 22 00:12:29 MDT 2025
| Date         : Sat Oct 11 01:33:04 2025
| Host         : LAPTOP-JU02PEUM running 64-bit major release  (build 9200)
| Command      : upgrade_ip
| Device       : xc7a100tcsg324-1
---------------------------------------------------------------------------------------------------------------------------------------------

Upgrade Log for IP 'system_bd_axi_bram_ctrl_1_0'

1. Summary
----------

SUCCESS in the update of system_bd_axi_bram_ctrl_1_0 (xilinx.com:ip:axi_bram_ctrl:4.1 (Rev. 13)) to current project options.

2. Upgrade messages
-------------------

WARNING: upgrade cannot remove parameter C_SELECT_XPM : there is no parameter called C_SELECT_XPM in axi_bram_ctrl_v4_1






Copyright 1986-2022 Xilinx, Inc. All Rights Reserved. Copyright 2022-2025 Advanced Micro Devices, Inc. All Rights Reserved.
---------------------------------------------------------------------------------------------------------------------------------------------
| Tool Version : Vivado v.2025.1 (win64) Build 6140274 Thu May 22 00:12:29 MDT 2025
| Date         : Sat Oct 11 01:33:04 2025
| Host         : LAPTOP-JU02PEUM running 64-bit major release  (build 9200)
| Command      : upgrade_ip
| Device       : xc7a100tcsg324-1
---------------------------------------------------------------------------------------------------------------------------------------------

Upgrade Log for IP 'system_bd_axi_bram_ctrl_0_2'

1. Summary
----------

SUCCESS in the update of system_bd_axi_bram_ctrl_0_2 (xilinx.com:ip:axi_bram_ctrl:4.1 (Rev. 13)) to current project options.

2. Upgrade messages
-------------------

WARNING: upgrade cannot remove parameter C_SELECT_XPM : there is no parameter called C_SELECT_XPM in axi_bram_ctrl_v4_1






Copyright 1986-2022 Xilinx, Inc. All Rights Reserved. Copyright 2022-2025 Advanced Micro Devices, Inc. All Rights Reserved.
---------------------------------------------------------------------------------------------------------------------------------------------
| Tool Version : Vivado v.2025.1 (win64) Build 6140274 Thu May 22 00:12:29 MDT 2025
| Date         : Sat Oct 11 01:33:04 2025
| Host         : LAPTOP-JU02PEUM running 64-bit major release  (build 9200)
| Command      : upgrade_ip
| Device       : xc7a100tcsg324-1
---------------------------------------------------------------------------------------------------------------------------------------------

Upgrade Log for IP 'system_bd_axi_bram_ctrl_0_1'

1. Summary
----------

SUCCESS in the update of system_bd_axi_bram_ctrl_0_1 (xilinx.com:ip:axi_bram_ctrl:4.1 (Rev. 13)) to current project options.

2. Upgrade messages
-------------------

WARNING: upgrade cannot remove parameter C_SELECT_XPM : there is no parameter called C_SELECT_XPM in axi_bram_ctrl_v4_1






Copyright 1986-2022 Xilinx, Inc. All Rights Reserved. Copyright 2022-2025 Advanced Micro Devices, Inc. All Rights Reserved.
---------------------------------------------------------------------------------------------------------------------------------------------
| Tool Version : Vivado v.2025.1 (win64) Build 6140274 Thu May 22 00:12:29 MDT 2025
| Date         : Sat Oct 11 01:32:34 2025
| Host         : LAPTOP-JU02PEUM running 64-bit major release  (build 9200)
| Command      : upgrade_ip
| Device       : xc7a100tcsg324-1
---------------------------------------------------------------------------------------------------------------------------------------------

Upgrade Log for IP 'ecg_cnn_component'

1. Summary
----------

SUCCESS in the update of ecg_cnn_component (unitn.edu:hls:ecg_cnn:1.0 (Rev. 2114298079)) to current project options.






Copyright 1986-2022 Xilinx, Inc. All Rights Reserved. Copyright 2022-2025 Advanced Micro Devices, Inc. All Rights Reserved.
---------------------------------------------------------------------------------------------------------------------------------------------
| Tool Version : Vivado v.2025.1 (win64) Build 6140274 Thu May 22 00:12:29 MDT 2025
| Date         : Sat Oct 11 00:31:02 2025
| Host         : LAPTOP-JU02PEUM running 64-bit major release  (build 9200)
| Command      : upgrade_ip
| Device       : xc7a35tcpg236-1
---------------------------------------------------------------------------------------------------------------------------------------------

Upgrade Log for IP 'system_bd_ecg_cnn_2_0'

1. Summary
----------

SUCCESS in the upgrade of system_bd_ecg_cnn_2_0 (unitn.edu:hls:ecg_cnn:1.0) from (Rev. 2114290724) to (Rev. 2114298079)






Copyright 1986-2022 Xilinx, Inc. All Rights Reserved. Copyright 2022-2025 Advanced Micro Devices, Inc. All Rights Reserved.
---------------------------------------------------------------------------------------------------------------------------------------------
| Tool Version : Vivado v.2025.1 (win64) Build 6140274 Thu May 22 00:12:29 MDT 2025
| Date         : Sat Oct 11 00:31:01 2025
| Host         : LAPTOP-JU02PEUM running 64-bit major release  (build 9200)
| Command      : upgrade_ip
| Device       : xc7a35tcpg236-1
---------------------------------------------------------------------------------------------------------------------------------------------

Upgrade Log for IP 'ecg_cnn_component'

1. Summary
----------

SUCCESS in the upgrade of ecg_cnn_component (unitn.edu:hls:ecg_cnn:1.0) from (Rev. 2114290724) to (Rev. 2114298079)

