11/18/25 09:55:18: Running xcd server. This server was built by gradle.
11/18/25 09:55:18: Server was asked to start on port: '55653'
11/18/25 09:55:18: Server is using token UUID: '606fd65b-9409-4778-93cc-8a8256f14252'
11/18/25 09:55:18: SESSION_MGR: creating session with session uuid: '6d04a3e9-ade5-4ab9-8d63-1f78fcd2ec76' and name 'default'
11/18/25 09:55:18: Attempting to start server on port '55653'
11/18/25 09:55:18: Running Dispatch Server
11/18/25 09:55:18: Version 2.2.0
11/18/25 09:55:20: Dispatch Server: Accepted socket connection from client
11/18/25 09:55:20: Starting Socket connection
11/18/25 09:55:20: EXCHANGE_TOKEN received, server token: 606fd65b-9409-4778-93cc-8a8256f14252, passed token: 606fd65b-9409-4778-93cc-8a8256f14252
11/18/25 09:55:21: DISPATCH_HANDLER: Adding handler from function makeHandler in library xv_system_diagram
11/18/25 09:55:21: SESSION_MGR: creating session with session uuid: 'aad6788c-174f-4d4a-a685-bba4e643d24d' and name 'vitis-run_compile_ecg_cnn'
11/18/25 09:55:21: KERNEL_SVC: creating session with uuid: 'aad6788c-174f-4d4a-a685-bba4e643d24d' and name 'vitis-run_compile_ecg_cnn'
11/18/25 09:55:21: GUIDANCE_SMGR: creating guidance session with uuid: 'aad6788c-174f-4d4a-a685-bba4e643d24d' and name 'vitis-run_compile_ecg_cnn'
11/18/25 09:55:21: SYSTEM_DIAGRAM: creating session with uuid: 'aad6788c-174f-4d4a-a685-bba4e643d24d' and name 'vitis-run_compile_ecg_cnn'
11/18/25 09:55:34: Dispatch Server: Accepted socket connection from client
11/18/25 09:55:34: Starting Socket connection
11/18/25 09:56:44: SESSION_MGR: closing session for UUID 'aad6788c-174f-4d4a-a685-bba4e643d24d' with name 'vitis-run_compile_ecg_cnn'
11/18/25 09:56:44: KERNEL_SVC: closing session for UUID 'aad6788c-174f-4d4a-a685-bba4e643d24d' with name 'vitis-run_compile_ecg_cnn'
11/18/25 09:56:44: GUIDANCE_SMGR: closing session for UUID 'aad6788c-174f-4d4a-a685-bba4e643d24d' with name 'vitis-run_compile_ecg_cnn'
11/18/25 09:56:44: SYSTEM_DIAGRAM: closing session for UUID 'aad6788c-174f-4d4a-a685-bba4e643d24d' with name 'vitis-run_compile_ecg_cnn'
11/18/25 09:56:44: STOP_SERVER received, server token: 606fd65b-9409-4778-93cc-8a8256f14252, passed token: 606fd65b-9409-4778-93cc-8a8256f14252
11/18/25 09:56:44: Socket received request to stop server.
11/18/25 09:56:44: Dispatch Server: do_await_stop
11/18/25 09:56:44: SERVER: destructor for server bound to port 55653
